#
# There is insufficient memory for the Java Runtime Environment to continue.
# Native memory allocation (malloc) failed to allocate 32744 bytes for Chunk::new
# Possible reasons:
#   The system is out of physical RAM or swap space
#   The process is running with CompressedOops enabled, and the Java Heap may be blocking the growth of the native heap
# Possible solutions:
#   Reduce memory load on the system
#   Increase physical memory or swap space
#   Check if swap backing store is full
#   Decrease Java heap size (-Xmx/-Xms)
#   Decrease number of Java threads
#   Decrease Java thread stack sizes (-Xss)
#   Set larger code cache with -XX:ReservedCodeCacheSize=
#   JVM is running with Zero Based Compressed Oops mode in which the Java heap is
#     placed in the first 32GB address space. The Java Heap base address is the
#     maximum limit for the native heap growth. Please use -XX:HeapBaseMinAddress
#     to set the Java Heap base and to place the Java Heap above 32GB virtual address.
# This output file may be truncated or incomplete.
#
#  Out of Memory Error (arena.cpp:168), pid=10540, tid=15960
#
# JRE version: Java(TM) SE Runtime Environment (21.0.4+8) (build 21.0.4+8-LTS-274)
# Java VM: Java HotSpot(TM) 64-Bit Server VM (21.0.4+8-LTS-274, mixed mode, sharing, tiered, compressed oops, compressed class ptrs, g1 gc, windows-amd64)
# No core dump will be written. Minidumps are not enabled by default on client versions of Windows
#

---------------  S U M M A R Y ------------

Command Line: -ea -Dfile.encoding=UTF-8 -Dstdout.encoding=UTF-8 -Dstderr.encoding=UTF-8 -XX:+ShowCodeDetailsInExceptionMessages org.testng.remote.RemoteTestNG -serport 58697 -protocol json -d E:\new eclipse\assessmenttask2\test-output C:\Users\User\AppData\Local\Temp\testng-eclipse-369893451\testng-customsuite.xml

Host: Intel(R) Core(TM) i3-5005U CPU @ 2.00GHz, 4 cores, 11G,  Windows 10 , 64 bit Build 19041 (10.0.19041.4717)
Time: Thu Aug  8 13:47:54 2024 India Standard Time elapsed time: 14.447852 seconds (0d 0h 0m 14s)

---------------  T H R E A D  ---------------

Current thread (0x00000158e9105760):  JavaThread "C1 CompilerThread0" daemon [_thread_in_native, id=15960, stack(0x0000003295200000,0x0000003295300000) (1024K)]


Current CompileTask:
C1:  14448 2197       3       java.util.Arrays::fill (28 bytes)

Stack: [0x0000003295200000,0x0000003295300000]
Native frames: (J=compiled Java code, j=interpreted, Vv=VM code, C=native code)
V  [jvm.dll+0x6c8e59]
V  [jvm.dll+0x853181]
V  [jvm.dll+0x8556ae]
V  [jvm.dll+0x855d83]
V  [jvm.dll+0x27d526]
V  [jvm.dll+0xc4aad]
V  [jvm.dll+0xc4fe3]
V  [jvm.dll+0xd0a4d]
V  [jvm.dll+0x17da75]
V  [jvm.dll+0x17c2ee]
V  [jvm.dll+0x16a4b0]
V  [jvm.dll+0x1532d7]
V  [jvm.dll+0x152ba8]
V  [jvm.dll+0x152df4]
V  [jvm.dll+0x152226]
V  [jvm.dll+0x153ffd]
V  [jvm.dll+0x254d49]
V  [jvm.dll+0x2532da]
V  [jvm.dll+0x3ed426]
V  [jvm.dll+0x7fd65b]
V  [jvm.dll+0x6c753d]
C  [ucrtbase.dll+0x21bb2]
C  [KERNEL32.DLL+0x17374]
C  [ntdll.dll+0x4cc91]


---------------  P R O C E S S  ---------------

Threads class SMR info:
_java_thread_list=0x00000158e9828330, length=25, elements={
0x00000158c7a696f0, 0x00000158e4d474c0, 0x00000158e4d47df0, 0x00000158e4d4c950,
0x00000158e4d4cfc0, 0x00000158e4d55a50, 0x00000158e4d6a270, 0x00000158e4d563f0,
0x00000158e9105760, 0x00000158e4d6a900, 0x00000158e4d6af90, 0x00000158e4d6bcb0,
0x00000158e4d6c340, 0x00000158e4d68ec0, 0x00000158e4d69550, 0x00000158e4d69be0,
0x00000158ea2d9c40, 0x00000158ea2d6130, 0x00000158ea2d6e50, 0x00000158ea2da2d0,
0x00000158ea2d67c0, 0x00000158ea2dd750, 0x00000158ea2d74e0, 0x00000158ea2d8200,
0x00000158ea2d7b70
}

Java Threads: ( => current thread )
  0x00000158c7a696f0 JavaThread "Forwarding findElement on session 4f38c9f5d00e351b6890d5fb9f612cfa to remote"        [_thread_blocked, id=20672, stack(0x0000003294300000,0x0000003294400000) (1024K)]
  0x00000158e4d474c0 JavaThread "Reference Handler"          daemon [_thread_blocked, id=16172, stack(0x0000003294b00000,0x0000003294c00000) (1024K)]
  0x00000158e4d47df0 JavaThread "Finalizer"                  daemon [_thread_blocked, id=11568, stack(0x0000003294c00000,0x0000003294d00000) (1024K)]
  0x00000158e4d4c950 JavaThread "Signal Dispatcher"          daemon [_thread_blocked, id=1280, stack(0x0000003294d00000,0x0000003294e00000) (1024K)]
  0x00000158e4d4cfc0 JavaThread "Attach Listener"            daemon [_thread_blocked, id=17964, stack(0x0000003294e00000,0x0000003294f00000) (1024K)]
  0x00000158e4d55a50 JavaThread "Service Thread"             daemon [_thread_blocked, id=17620, stack(0x0000003294f00000,0x0000003295000000) (1024K)]
  0x00000158e4d6a270 JavaThread "Monitor Deflation Thread"   daemon [_thread_blocked, id=20820, stack(0x0000003295000000,0x0000003295100000) (1024K)]
  0x00000158e4d563f0 JavaThread "C2 CompilerThread0"         daemon [_thread_in_native, id=8140, stack(0x0000003295100000,0x0000003295200000) (1024K)]
=>0x00000158e9105760 JavaThread "C1 CompilerThread0"         daemon [_thread_in_native, id=15960, stack(0x0000003295200000,0x0000003295300000) (1024K)]
  0x00000158e4d6a900 JavaThread "Notification Thread"        daemon [_thread_blocked, id=23232, stack(0x0000003295300000,0x0000003295400000) (1024K)]
  0x00000158e4d6af90 JavaThread "Common-Cleaner"             daemon [_thread_blocked, id=16920, stack(0x0000003295400000,0x0000003295500000) (1024K)]
  0x00000158e4d6bcb0 JavaThread "ReaderThread"                      [_thread_in_native, id=23140, stack(0x0000003295600000,0x0000003295700000) (1024K)]
  0x00000158e4d6c340 JavaThread "ForkJoinPool.commonPool-worker-1" daemon [_thread_blocked, id=20576, stack(0x0000003295a00000,0x0000003295b00000) (1024K)]
  0x00000158e4d68ec0 JavaThread "HttpClient-1-SelectorManager" daemon [_thread_in_native, id=7324, stack(0x0000003295b00000,0x0000003295c00000) (1024K)]
  0x00000158e4d69550 JavaThread "External Process Output Forwarder - E:\new eclipse\assessmenttask2\.\src\main\resources\drivers\chromedriver.exe" daemon [_thread_in_native, id=1268, stack(0x0000003295c00000,0x0000003295d00000) (1024K)]
  0x00000158e4d69be0 JavaThread "Driver Service Executor"    daemon [_thread_blocked, id=3340, stack(0x0000003295d00000,0x0000003295e00000) (1024K)]
  0x00000158ea2d9c40 JavaThread "Driver Service Executor"    daemon [_thread_in_native, id=20228, stack(0x0000003295e00000,0x0000003295f00000) (1024K)]
  0x00000158ea2d6130 JavaThread "UrlChecker-2"               daemon [_thread_blocked, id=7232, stack(0x0000003295f00000,0x0000003296000000) (1024K)]
  0x00000158ea2d6e50 JavaThread "JdkHttpClient-0-0"          daemon [_thread_blocked, id=14188, stack(0x0000003296100000,0x0000003296200000) (1024K)]
  0x00000158ea2da2d0 JavaThread "JdkHttpClient-0-1"          daemon [_thread_blocked, id=18340, stack(0x0000003296200000,0x0000003296300000) (1024K)]
  0x00000158ea2d67c0 JavaThread "HttpClient-2-SelectorManager" daemon [_thread_in_native, id=16036, stack(0x0000003296300000,0x0000003296400000) (1024K)]
  0x00000158ea2dd750 JavaThread "JdkHttpClient-1-0"          daemon [_thread_blocked, id=18604, stack(0x0000003296400000,0x0000003296500000) (1024K)]
  0x00000158ea2d74e0 JavaThread "JdkHttpClient-1-1"          daemon [_thread_blocked, id=10300, stack(0x0000003296500000,0x0000003296600000) (1024K)]
  0x00000158ea2d8200 JavaThread "JdkHttpClient-1-2"          daemon [_thread_blocked, id=9196, stack(0x0000003296600000,0x0000003296700000) (1024K)]
  0x00000158ea2d7b70 JavaThread "JdkHttpClient-0-2"          daemon [_thread_blocked, id=11964, stack(0x0000003296700000,0x0000003296800000) (1024K)]
Total: 25

Other Threads:
  0x00000158e4d28ee0 VMThread "VM Thread"                           [id=23216, stack(0x0000003294a00000,0x0000003294b00000) (1024K)]
  0x00000158e4d14920 WatcherThread "VM Periodic Task Thread"        [id=22976, stack(0x0000003294900000,0x0000003294a00000) (1024K)]
  0x00000158c7ab7610 WorkerThread "GC Thread#0"                     [id=10524, stack(0x0000003294400000,0x0000003294500000) (1024K)]
  0x00000158e9896f20 WorkerThread "GC Thread#1"                     [id=12648, stack(0x0000003295700000,0x0000003295800000) (1024K)]
  0x00000158e9895ea0 WorkerThread "GC Thread#2"                     [id=5576, stack(0x0000003295800000,0x0000003295900000) (1024K)]
  0x00000158e9896240 WorkerThread "GC Thread#3"                     [id=15400, stack(0x0000003295900000,0x0000003295a00000) (1024K)]
  0x00000158c7ac4a80 ConcurrentGCThread "G1 Main Marker"            [id=716, stack(0x0000003294500000,0x0000003294600000) (1024K)]
  0x00000158c7ac5c20 WorkerThread "G1 Conc#0"                       [id=18948, stack(0x0000003294600000,0x0000003294700000) (1024K)]
  0x00000158c7afbcd0 ConcurrentGCThread "G1 Refine#0"               [id=10284, stack(0x0000003294700000,0x0000003294800000) (1024K)]
  0x00000158c7afc100 ConcurrentGCThread "G1 Service"                [id=5340, stack(0x0000003294800000,0x0000003294900000) (1024K)]
Total: 10

Threads with active compile tasks:
C2 CompilerThread0    14561 2183       4       java.util.regex.Matcher::search (154 bytes)
C1 CompilerThread0    14561 2197       3       java.util.Arrays::fill (28 bytes)
Total: 2

VM state: not at safepoint (normal execution)

VM Mutex/Monitor currently owned by a thread: None

Heap address: 0x0000000741400000, size: 3052 MB, Compressed Oops mode: Zero based, Oop shift amount: 3

CDS archive(s) mapped at: [0x0000015880000000-0x0000015880c90000-0x0000015880c90000), size 13172736, SharedBaseAddress: 0x0000015880000000, ArchiveRelocationMode: 1.
Compressed class space mapped at: 0x0000015881000000-0x00000158c1000000, reserved size: 1073741824
Narrow klass base: 0x0000015880000000, Narrow klass shift: 0, Narrow klass range: 0x100000000

GC Precious Log:
 CardTable entry size: 512
 Card Set container configuration: InlinePtr #cards 4 size 8 Array Of Cards #cards 16 size 48 Howl #buckets 8 coarsen threshold 3686 Howl Bitmap #cards 512 size 80 coarsen threshold 460 Card regions per heap region 1 cards per card region 4096
 CPUs: 4 total, 4 available
 Memory: 12202M
 Large Page Support: Disabled
 NUMA Support: Disabled
 Compressed Oops: Enabled (Zero based)
 Heap Region Size: 2M
 Heap Min Capacity: 8M
 Heap Initial Capacity: 192M
 Heap Max Capacity: 3052M
 Pre-touch: Disabled
 Parallel Workers: 4
 Concurrent Workers: 1
 Concurrent Refinement Workers: 4
 Periodic GC: Disabled

Heap:
 garbage-first heap   total 196608K, used 24506K [0x0000000741400000, 0x0000000800000000)
  region size 2048K, 11 young (22528K), 1 survivors (2048K)
 Metaspace       used 16559K, committed 16896K, reserved 1114112K
  class space    used 1975K, committed 2112K, reserved 1048576K

Heap Regions: E=young(eden), S=young(survivor), O=old, HS=humongous(starts), HC=humongous(continues), CS=collection set, F=free, TAMS=top-at-mark-start, PB=parsable bottom
|   0|0x0000000741400000, 0x0000000741600000, 0x0000000741600000|100%| O|  |TAMS 0x0000000741400000| PB 0x0000000741400000| Untracked 
|   1|0x0000000741600000, 0x0000000741800000, 0x0000000741800000|100%| O|  |TAMS 0x0000000741600000| PB 0x0000000741600000| Untracked 
|   2|0x0000000741800000, 0x0000000741833ef8, 0x0000000741a00000| 10%| O|  |TAMS 0x0000000741800000| PB 0x0000000741800000| Untracked 
|   3|0x0000000741a00000, 0x0000000741a00000, 0x0000000741c00000|  0%| F|  |TAMS 0x0000000741a00000| PB 0x0000000741a00000| Untracked 
|   4|0x0000000741c00000, 0x0000000741c00000, 0x0000000741e00000|  0%| F|  |TAMS 0x0000000741c00000| PB 0x0000000741c00000| Untracked 
|   5|0x0000000741e00000, 0x0000000741e00000, 0x0000000742000000|  0%| F|  |TAMS 0x0000000741e00000| PB 0x0000000741e00000| Untracked 
|   6|0x0000000742000000, 0x0000000742000000, 0x0000000742200000|  0%| F|  |TAMS 0x0000000742000000| PB 0x0000000742000000| Untracked 
|   7|0x0000000742200000, 0x0000000742200000, 0x0000000742400000|  0%| F|  |TAMS 0x0000000742200000| PB 0x0000000742200000| Untracked 
|   8|0x0000000742400000, 0x0000000742400000, 0x0000000742600000|  0%| F|  |TAMS 0x0000000742400000| PB 0x0000000742400000| Untracked 
|   9|0x0000000742600000, 0x0000000742600000, 0x0000000742800000|  0%| F|  |TAMS 0x0000000742600000| PB 0x0000000742600000| Untracked 
|  10|0x0000000742800000, 0x0000000742800000, 0x0000000742a00000|  0%| F|  |TAMS 0x0000000742800000| PB 0x0000000742800000| Untracked 
|  11|0x0000000742a00000, 0x0000000742a00000, 0x0000000742c00000|  0%| F|  |TAMS 0x0000000742a00000| PB 0x0000000742a00000| Untracked 
|  12|0x0000000742c00000, 0x0000000742c00000, 0x0000000742e00000|  0%| F|  |TAMS 0x0000000742c00000| PB 0x0000000742c00000| Untracked 
|  13|0x0000000742e00000, 0x0000000742e00000, 0x0000000743000000|  0%| F|  |TAMS 0x0000000742e00000| PB 0x0000000742e00000| Untracked 
|  14|0x0000000743000000, 0x0000000743000000, 0x0000000743200000|  0%| F|  |TAMS 0x0000000743000000| PB 0x0000000743000000| Untracked 
|  15|0x0000000743200000, 0x0000000743200000, 0x0000000743400000|  0%| F|  |TAMS 0x0000000743200000| PB 0x0000000743200000| Untracked 
|  16|0x0000000743400000, 0x0000000743400000, 0x0000000743600000|  0%| F|  |TAMS 0x0000000743400000| PB 0x0000000743400000| Untracked 
|  17|0x0000000743600000, 0x0000000743600000, 0x0000000743800000|  0%| F|  |TAMS 0x0000000743600000| PB 0x0000000743600000| Untracked 
|  18|0x0000000743800000, 0x0000000743800000, 0x0000000743a00000|  0%| F|  |TAMS 0x0000000743800000| PB 0x0000000743800000| Untracked 
|  19|0x0000000743a00000, 0x0000000743a00000, 0x0000000743c00000|  0%| F|  |TAMS 0x0000000743a00000| PB 0x0000000743a00000| Untracked 
|  20|0x0000000743c00000, 0x0000000743c00000, 0x0000000743e00000|  0%| F|  |TAMS 0x0000000743c00000| PB 0x0000000743c00000| Untracked 
|  21|0x0000000743e00000, 0x0000000743e00000, 0x0000000744000000|  0%| F|  |TAMS 0x0000000743e00000| PB 0x0000000743e00000| Untracked 
|  22|0x0000000744000000, 0x0000000744000000, 0x0000000744200000|  0%| F|  |TAMS 0x0000000744000000| PB 0x0000000744000000| Untracked 
|  23|0x0000000744200000, 0x0000000744200000, 0x0000000744400000|  0%| F|  |TAMS 0x0000000744200000| PB 0x0000000744200000| Untracked 
|  24|0x0000000744400000, 0x0000000744400000, 0x0000000744600000|  0%| F|  |TAMS 0x0000000744400000| PB 0x0000000744400000| Untracked 
|  25|0x0000000744600000, 0x0000000744600000, 0x0000000744800000|  0%| F|  |TAMS 0x0000000744600000| PB 0x0000000744600000| Untracked 
|  26|0x0000000744800000, 0x0000000744800000, 0x0000000744a00000|  0%| F|  |TAMS 0x0000000744800000| PB 0x0000000744800000| Untracked 
|  27|0x0000000744a00000, 0x0000000744a00000, 0x0000000744c00000|  0%| F|  |TAMS 0x0000000744a00000| PB 0x0000000744a00000| Untracked 
|  28|0x0000000744c00000, 0x0000000744c00000, 0x0000000744e00000|  0%| F|  |TAMS 0x0000000744c00000| PB 0x0000000744c00000| Untracked 
|  29|0x0000000744e00000, 0x0000000744e00000, 0x0000000745000000|  0%| F|  |TAMS 0x0000000744e00000| PB 0x0000000744e00000| Untracked 
|  30|0x0000000745000000, 0x0000000745000000, 0x0000000745200000|  0%| F|  |TAMS 0x0000000745000000| PB 0x0000000745000000| Untracked 
|  31|0x0000000745200000, 0x0000000745200000, 0x0000000745400000|  0%| F|  |TAMS 0x0000000745200000| PB 0x0000000745200000| Untracked 
|  32|0x0000000745400000, 0x0000000745400000, 0x0000000745600000|  0%| F|  |TAMS 0x0000000745400000| PB 0x0000000745400000| Untracked 
|  33|0x0000000745600000, 0x0000000745600000, 0x0000000745800000|  0%| F|  |TAMS 0x0000000745600000| PB 0x0000000745600000| Untracked 
|  34|0x0000000745800000, 0x0000000745800000, 0x0000000745a00000|  0%| F|  |TAMS 0x0000000745800000| PB 0x0000000745800000| Untracked 
|  35|0x0000000745a00000, 0x0000000745a00000, 0x0000000745c00000|  0%| F|  |TAMS 0x0000000745a00000| PB 0x0000000745a00000| Untracked 
|  36|0x0000000745c00000, 0x0000000745c00000, 0x0000000745e00000|  0%| F|  |TAMS 0x0000000745c00000| PB 0x0000000745c00000| Untracked 
|  37|0x0000000745e00000, 0x0000000745e00000, 0x0000000746000000|  0%| F|  |TAMS 0x0000000745e00000| PB 0x0000000745e00000| Untracked 
|  38|0x0000000746000000, 0x0000000746000000, 0x0000000746200000|  0%| F|  |TAMS 0x0000000746000000| PB 0x0000000746000000| Untracked 
|  39|0x0000000746200000, 0x0000000746200000, 0x0000000746400000|  0%| F|  |TAMS 0x0000000746200000| PB 0x0000000746200000| Untracked 
|  40|0x0000000746400000, 0x0000000746400000, 0x0000000746600000|  0%| F|  |TAMS 0x0000000746400000| PB 0x0000000746400000| Untracked 
|  41|0x0000000746600000, 0x0000000746600000, 0x0000000746800000|  0%| F|  |TAMS 0x0000000746600000| PB 0x0000000746600000| Untracked 
|  42|0x0000000746800000, 0x0000000746800000, 0x0000000746a00000|  0%| F|  |TAMS 0x0000000746800000| PB 0x0000000746800000| Untracked 
|  43|0x0000000746a00000, 0x0000000746a00000, 0x0000000746c00000|  0%| F|  |TAMS 0x0000000746a00000| PB 0x0000000746a00000| Untracked 
|  44|0x0000000746c00000, 0x0000000746c00000, 0x0000000746e00000|  0%| F|  |TAMS 0x0000000746c00000| PB 0x0000000746c00000| Untracked 
|  45|0x0000000746e00000, 0x0000000746e00000, 0x0000000747000000|  0%| F|  |TAMS 0x0000000746e00000| PB 0x0000000746e00000| Untracked 
|  46|0x0000000747000000, 0x0000000747000000, 0x0000000747200000|  0%| F|  |TAMS 0x0000000747000000| PB 0x0000000747000000| Untracked 
|  47|0x0000000747200000, 0x0000000747200000, 0x0000000747400000|  0%| F|  |TAMS 0x0000000747200000| PB 0x0000000747200000| Untracked 
|  48|0x0000000747400000, 0x0000000747400000, 0x0000000747600000|  0%| F|  |TAMS 0x0000000747400000| PB 0x0000000747400000| Untracked 
|  49|0x0000000747600000, 0x0000000747600000, 0x0000000747800000|  0%| F|  |TAMS 0x0000000747600000| PB 0x0000000747600000| Untracked 
|  50|0x0000000747800000, 0x0000000747800000, 0x0000000747a00000|  0%| F|  |TAMS 0x0000000747800000| PB 0x0000000747800000| Untracked 
|  51|0x0000000747a00000, 0x0000000747a00000, 0x0000000747c00000|  0%| F|  |TAMS 0x0000000747a00000| PB 0x0000000747a00000| Untracked 
|  52|0x0000000747c00000, 0x0000000747c00000, 0x0000000747e00000|  0%| F|  |TAMS 0x0000000747c00000| PB 0x0000000747c00000| Untracked 
|  53|0x0000000747e00000, 0x0000000747e00000, 0x0000000748000000|  0%| F|  |TAMS 0x0000000747e00000| PB 0x0000000747e00000| Untracked 
|  54|0x0000000748000000, 0x0000000748000000, 0x0000000748200000|  0%| F|  |TAMS 0x0000000748000000| PB 0x0000000748000000| Untracked 
|  55|0x0000000748200000, 0x0000000748200000, 0x0000000748400000|  0%| F|  |TAMS 0x0000000748200000| PB 0x0000000748200000| Untracked 
|  56|0x0000000748400000, 0x0000000748400000, 0x0000000748600000|  0%| F|  |TAMS 0x0000000748400000| PB 0x0000000748400000| Untracked 
|  57|0x0000000748600000, 0x0000000748600000, 0x0000000748800000|  0%| F|  |TAMS 0x0000000748600000| PB 0x0000000748600000| Untracked 
|  58|0x0000000748800000, 0x0000000748800000, 0x0000000748a00000|  0%| F|  |TAMS 0x0000000748800000| PB 0x0000000748800000| Untracked 
|  59|0x0000000748a00000, 0x0000000748a00000, 0x0000000748c00000|  0%| F|  |TAMS 0x0000000748a00000| PB 0x0000000748a00000| Untracked 
|  60|0x0000000748c00000, 0x0000000748c00000, 0x0000000748e00000|  0%| F|  |TAMS 0x0000000748c00000| PB 0x0000000748c00000| Untracked 
|  61|0x0000000748e00000, 0x0000000748e00000, 0x0000000749000000|  0%| F|  |TAMS 0x0000000748e00000| PB 0x0000000748e00000| Untracked 
|  62|0x0000000749000000, 0x0000000749000000, 0x0000000749200000|  0%| F|  |TAMS 0x0000000749000000| PB 0x0000000749000000| Untracked 
|  63|0x0000000749200000, 0x0000000749200000, 0x0000000749400000|  0%| F|  |TAMS 0x0000000749200000| PB 0x0000000749200000| Untracked 
|  64|0x0000000749400000, 0x0000000749400000, 0x0000000749600000|  0%| F|  |TAMS 0x0000000749400000| PB 0x0000000749400000| Untracked 
|  65|0x0000000749600000, 0x0000000749600000, 0x0000000749800000|  0%| F|  |TAMS 0x0000000749600000| PB 0x0000000749600000| Untracked 
|  66|0x0000000749800000, 0x0000000749800000, 0x0000000749a00000|  0%| F|  |TAMS 0x0000000749800000| PB 0x0000000749800000| Untracked 
|  67|0x0000000749a00000, 0x0000000749a00000, 0x0000000749c00000|  0%| F|  |TAMS 0x0000000749a00000| PB 0x0000000749a00000| Untracked 
|  68|0x0000000749c00000, 0x0000000749c00000, 0x0000000749e00000|  0%| F|  |TAMS 0x0000000749c00000| PB 0x0000000749c00000| Untracked 
|  69|0x0000000749e00000, 0x0000000749e00000, 0x000000074a000000|  0%| F|  |TAMS 0x0000000749e00000| PB 0x0000000749e00000| Untracked 
|  70|0x000000074a000000, 0x000000074a000000, 0x000000074a200000|  0%| F|  |TAMS 0x000000074a000000| PB 0x000000074a000000| Untracked 
|  71|0x000000074a200000, 0x000000074a200000, 0x000000074a400000|  0%| F|  |TAMS 0x000000074a200000| PB 0x000000074a200000| Untracked 
|  72|0x000000074a400000, 0x000000074a400000, 0x000000074a600000|  0%| F|  |TAMS 0x000000074a400000| PB 0x000000074a400000| Untracked 
|  73|0x000000074a600000, 0x000000074a600000, 0x000000074a800000|  0%| F|  |TAMS 0x000000074a600000| PB 0x000000074a600000| Untracked 
|  74|0x000000074a800000, 0x000000074a800000, 0x000000074aa00000|  0%| F|  |TAMS 0x000000074a800000| PB 0x000000074a800000| Untracked 
|  75|0x000000074aa00000, 0x000000074aa00000, 0x000000074ac00000|  0%| F|  |TAMS 0x000000074aa00000| PB 0x000000074aa00000| Untracked 
|  76|0x000000074ac00000, 0x000000074ac00000, 0x000000074ae00000|  0%| F|  |TAMS 0x000000074ac00000| PB 0x000000074ac00000| Untracked 
|  77|0x000000074ae00000, 0x000000074ae00000, 0x000000074b000000|  0%| F|  |TAMS 0x000000074ae00000| PB 0x000000074ae00000| Untracked 
|  78|0x000000074b000000, 0x000000074b000000, 0x000000074b200000|  0%| F|  |TAMS 0x000000074b000000| PB 0x000000074b000000| Untracked 
|  79|0x000000074b200000, 0x000000074b200000, 0x000000074b400000|  0%| F|  |TAMS 0x000000074b200000| PB 0x000000074b200000| Untracked 
|  80|0x000000074b400000, 0x000000074b400000, 0x000000074b600000|  0%| F|  |TAMS 0x000000074b400000| PB 0x000000074b400000| Untracked 
|  81|0x000000074b600000, 0x000000074b600000, 0x000000074b800000|  0%| F|  |TAMS 0x000000074b600000| PB 0x000000074b600000| Untracked 
|  82|0x000000074b800000, 0x000000074b800000, 0x000000074ba00000|  0%| F|  |TAMS 0x000000074b800000| PB 0x000000074b800000| Untracked 
|  83|0x000000074ba00000, 0x000000074ba00000, 0x000000074bc00000|  0%| F|  |TAMS 0x000000074ba00000| PB 0x000000074ba00000| Untracked 
|  84|0x000000074bc00000, 0x000000074bc00000, 0x000000074be00000|  0%| F|  |TAMS 0x000000074bc00000| PB 0x000000074bc00000| Untracked 
|  85|0x000000074be00000, 0x000000074bfc2d50, 0x000000074c000000| 88%| E|  |TAMS 0x000000074be00000| PB 0x000000074be00000| Complete 
|  86|0x000000074c000000, 0x000000074c200000, 0x000000074c200000|100%| E|CS|TAMS 0x000000074c000000| PB 0x000000074c000000| Complete 
|  87|0x000000074c200000, 0x000000074c400000, 0x000000074c400000|100%| E|CS|TAMS 0x000000074c200000| PB 0x000000074c200000| Complete 
|  88|0x000000074c400000, 0x000000074c600000, 0x000000074c600000|100%| E|CS|TAMS 0x000000074c400000| PB 0x000000074c400000| Complete 
|  89|0x000000074c600000, 0x000000074c800000, 0x000000074c800000|100%| E|CS|TAMS 0x000000074c600000| PB 0x000000074c600000| Complete 
|  90|0x000000074c800000, 0x000000074c9ba960, 0x000000074ca00000| 86%| S|CS|TAMS 0x000000074c800000| PB 0x000000074c800000| Complete 
|  91|0x000000074ca00000, 0x000000074cc00000, 0x000000074cc00000|100%| E|CS|TAMS 0x000000074ca00000| PB 0x000000074ca00000| Complete 
|  92|0x000000074cc00000, 0x000000074ce00000, 0x000000074ce00000|100%| E|CS|TAMS 0x000000074cc00000| PB 0x000000074cc00000| Complete 
|  93|0x000000074ce00000, 0x000000074d000000, 0x000000074d000000|100%| E|CS|TAMS 0x000000074ce00000| PB 0x000000074ce00000| Complete 
|  94|0x000000074d000000, 0x000000074d200000, 0x000000074d200000|100%| E|CS|TAMS 0x000000074d000000| PB 0x000000074d000000| Complete 
|  95|0x000000074d200000, 0x000000074d400000, 0x000000074d400000|100%| E|CS|TAMS 0x000000074d200000| PB 0x000000074d200000| Complete 

Card table byte_map: [0x00000158df4b0000,0x00000158dfab0000] _byte_map_base: 0x00000158dbaa6000

Marking Bits: (CMBitMap*) 0x00000158c7ab7c10
 Bits: [0x00000158dfab0000, 0x00000158e2a60000)

Polling page: 0x00000158c5980000

Metaspace:

Usage:
  Non-class:     14.24 MB used.
      Class:      1.93 MB used.
       Both:     16.17 MB used.

Virtual space:
  Non-class space:       64.00 MB reserved,      14.44 MB ( 23%) committed,  1 nodes.
      Class space:        1.00 GB reserved,       2.06 MB ( <1%) committed,  1 nodes.
             Both:        1.06 GB reserved,      16.50 MB (  2%) committed. 

Chunk freelists:
   Non-Class:  1.07 MB
       Class:  13.76 MB
        Both:  14.83 MB

MaxMetaspaceSize: unlimited
CompressedClassSpaceSize: 1.00 GB
Initial GC threshold: 21.00 MB
Current GC threshold: 21.00 MB
CDS: on
 - commit_granule_bytes: 65536.
 - commit_granule_words: 8192.
 - virtual_space_node_default_size: 8388608.
 - enlarge_chunks_in_place: 1.
 - use_allocation_guard: 0.


Internal statistics:

num_allocs_failed_limit: 0.
num_arena_births: 396.
num_arena_deaths: 0.
num_vsnodes_births: 2.
num_vsnodes_deaths: 0.
num_space_committed: 264.
num_space_uncommitted: 0.
num_chunks_returned_to_freelist: 0.
num_chunks_taken_from_freelist: 815.
num_chunk_merges: 0.
num_chunk_splits: 501.
num_chunks_enlarged: 319.
num_inconsistent_stats: 0.

CodeHeap 'non-profiled nmethods': size=120000Kb used=771Kb max_used=771Kb free=119228Kb
 bounds [0x00000158d7980000, 0x00000158d7bf0000, 0x00000158deeb0000]
CodeHeap 'profiled nmethods': size=120000Kb used=4350Kb max_used=4350Kb free=115650Kb
 bounds [0x00000158cfeb0000, 0x00000158d02f0000, 0x00000158d73e0000]
CodeHeap 'non-nmethods': size=5760Kb used=1504Kb max_used=1524Kb free=4255Kb
 bounds [0x00000158d73e0000, 0x00000158d7650000, 0x00000158d7980000]
 total_blobs=2769 nmethods=2192 adapters=481
 compilation: enabled
              stopped_count=0, restarted_count=0
 full_count=0

Compilation events (20 events):
Event: 9.355 Thread 0x00000158e9105760 2180       3       jdk.internal.net.http.common.MinimalFuture::<init> (20 bytes)
Event: 9.355 Thread 0x00000158e9105760 nmethod 2180 0x00000158d02ec410 code [0x00000158d02ec5c0, 0x00000158d02ec838]
Event: 9.363 Thread 0x00000158e9105760 2181       1       java.util.ArrayList$ArrayListSpliterator::characteristics (4 bytes)
Event: 9.363 Thread 0x00000158e9105760 nmethod 2181 0x00000158d7a3f790 code [0x00000158d7a3f920, 0x00000158d7a3f9e8]
Event: 14.420 Thread 0x00000158e9105760 2182       3       org.testng.collections.Lists::newArrayList (8 bytes)
Event: 14.421 Thread 0x00000158e9105760 nmethod 2182 0x00000158d02ec990 code [0x00000158d02ecb40, 0x00000158d02ece70]
Event: 14.425 Thread 0x00000158e4d563f0 2183       4       java.util.regex.Matcher::search (154 bytes)
Event: 14.425 Thread 0x00000158e9105760 2184       3       java.util.regex.Pattern$Slice::match (79 bytes)
Event: 14.426 Thread 0x00000158e9105760 nmethod 2184 0x00000158d02ecf90 code [0x00000158d02ed160, 0x00000158d02ed600]
Event: 14.426 Thread 0x00000158e9105760 2187   !   3       jdk.internal.misc.ScopedMemoryAccess::getShortUnaligned (18 bytes)
Event: 14.427 Thread 0x00000158e9105760 nmethod 2187 0x00000158d02ed790 code [0x00000158d02ed980, 0x00000158d02ede60]
Event: 14.428 Thread 0x00000158e9105760 2190       1       org.testng.shaded.com.google.gson.reflect.TypeToken::hashCode (5 bytes)
Event: 14.428 Thread 0x00000158e9105760 nmethod 2190 0x00000158d7a40690 code [0x00000158d7a40820, 0x00000158d7a408e8]
Event: 14.429 Thread 0x00000158e9105760 2191   !   3       java.lang.reflect.Field::declaredAnnotations (82 bytes)
Event: 14.431 Thread 0x00000158e9105760 nmethod 2191 0x00000158d02ee110 code [0x00000158d02ee300, 0x00000158d02ee848]
Event: 14.431 Thread 0x00000158e9105760 2193       3       java.lang.invoke.LambdaFormEditor$TransformKey::of (51 bytes)
Event: 14.432 Thread 0x00000158e9105760 nmethod 2193 0x00000158d02eeb10 code [0x00000158d02eed00, 0x00000158d02ef1d0]
Event: 14.433 Thread 0x00000158e9105760 2194       3       java.util.HashMap::calculateHashMapCapacity (11 bytes)
Event: 14.433 Thread 0x00000158e9105760 nmethod 2194 0x00000158d02ef390 code [0x00000158d02ef560, 0x00000158d02ef6f8]
Event: 14.437 Thread 0x00000158e9105760 2197       3       java.util.Arrays::fill (28 bytes)

GC Heap History (4 events):
Event: 1.905 GC heap before
{Heap before GC invocations=0 (full 0):
 garbage-first heap   total 196608K, used 10240K [0x0000000741400000, 0x0000000800000000)
  region size 2048K, 6 young (12288K), 0 survivors (0K)
 Metaspace       used 5312K, committed 5504K, reserved 1114112K
  class space    used 564K, committed 640K, reserved 1048576K
}
Event: 1.914 GC heap after
{Heap after GC invocations=1 (full 0):
 garbage-first heap   total 196608K, used 4256K [0x0000000741400000, 0x0000000800000000)
  region size 2048K, 1 young (2048K), 1 survivors (2048K)
 Metaspace       used 5312K, committed 5504K, reserved 1114112K
  class space    used 564K, committed 640K, reserved 1048576K
}
Event: 2.934 GC heap before
{Heap before GC invocations=1 (full 0):
 garbage-first heap   total 196608K, used 14496K [0x0000000741400000, 0x0000000800000000)
  region size 2048K, 6 young (12288K), 1 survivors (2048K)
 Metaspace       used 8186K, committed 8448K, reserved 1114112K
  class space    used 938K, committed 1088K, reserved 1048576K
}
Event: 2.944 GC heap after
{Heap after GC invocations=2 (full 0):
 garbage-first heap   total 196608K, used 6074K [0x0000000741400000, 0x0000000800000000)
  region size 2048K, 1 young (2048K), 1 survivors (2048K)
 Metaspace       used 8186K, committed 8448K, reserved 1114112K
  class space    used 938K, committed 1088K, reserved 1048576K
}

Dll operation events (8 events):
Event: 0.028 Loaded shared library C:\Program Files\Java\jdk-21\bin\java.dll
Event: 0.125 Loaded shared library C:\Program Files\Java\jdk-21\bin\jsvml.dll
Event: 0.402 Loaded shared library C:\Program Files\Java\jdk-21\bin\net.dll
Event: 0.411 Loaded shared library C:\Program Files\Java\jdk-21\bin\nio.dll
Event: 0.424 Loaded shared library C:\Program Files\Java\jdk-21\bin\zip.dll
Event: 0.869 Loaded shared library C:\Program Files\Java\jdk-21\bin\jimage.dll
Event: 1.312 Loaded shared library C:\Program Files\Java\jdk-21\bin\extnet.dll
Event: 3.121 Loaded shared library C:\Program Files\Java\jdk-21\bin\sunmscapi.dll

Deoptimization events (20 events):
Event: 3.960 Thread 0x00000158c7a696f0 Uncommon trap: trap_request=0xffffffde fr.pc=0x00000158d7a01d68 relative=0x0000000000000828
Event: 3.960 Thread 0x00000158c7a696f0 Uncommon trap: reason=class_check action=maybe_recompile pc=0x00000158d7a01d68 method=java.util.regex.Matcher.search(I)Z @ 121 c2
Event: 3.960 Thread 0x00000158c7a696f0 DEOPT PACKING pc=0x00000158d7a01d68 sp=0x00000032943fcff0
Event: 3.960 Thread 0x00000158c7a696f0 DEOPT UNPACKING pc=0x00000158d74346a2 sp=0x00000032943fcfb0 mode 2
Event: 4.326 Thread 0x00000158c7a696f0 Uncommon trap: trap_request=0xffffff45 fr.pc=0x00000158d79fa0a0 relative=0x0000000000000d00
Event: 4.326 Thread 0x00000158c7a696f0 Uncommon trap: reason=unstable_if action=reinterpret pc=0x00000158d79fa0a0 method=jdk.internal.org.objectweb.asm.Frame.execute(IILjdk/internal/org/objectweb/asm/Symbol;Ljdk/internal/org/objectweb/asm/SymbolTable;)V @ 1 c2
Event: 4.326 Thread 0x00000158c7a696f0 DEOPT PACKING pc=0x00000158d79fa0a0 sp=0x00000032943fb6c0
Event: 4.326 Thread 0x00000158c7a696f0 DEOPT UNPACKING pc=0x00000158d74346a2 sp=0x00000032943fb628 mode 2
Event: 4.535 Thread 0x00000158c7a696f0 Uncommon trap: trap_request=0xffffff45 fr.pc=0x00000158d79d38c8 relative=0x0000000000000ac8
Event: 4.535 Thread 0x00000158c7a696f0 Uncommon trap: reason=unstable_if action=reinterpret pc=0x00000158d79d38c8 method=java.util.concurrent.ConcurrentHashMap.addCount(JI)V @ 34 c2
Event: 4.535 Thread 0x00000158c7a696f0 DEOPT PACKING pc=0x00000158d79d38c8 sp=0x00000032943fc190
Event: 4.535 Thread 0x00000158c7a696f0 DEOPT UNPACKING pc=0x00000158d74346a2 sp=0x00000032943fc040 mode 2
Event: 4.535 Thread 0x00000158ea2d6e50 Uncommon trap: trap_request=0xffffff45 fr.pc=0x00000158d79d2208 relative=0x0000000000000148
Event: 4.535 Thread 0x00000158ea2d6e50 Uncommon trap: reason=unstable_if action=reinterpret pc=0x00000158d79d2208 method=java.util.concurrent.ConcurrentHashMap.addCount(JI)V @ 7 c2
Event: 4.535 Thread 0x00000158ea2d6e50 DEOPT PACKING pc=0x00000158d79d2208 sp=0x00000032961fd720
Event: 4.535 Thread 0x00000158ea2d6e50 DEOPT UNPACKING pc=0x00000158d74346a2 sp=0x00000032961fd680 mode 2
Event: 14.429 Thread 0x00000158c7a696f0 Uncommon trap: trap_request=0xffffff45 fr.pc=0x00000158d79fd814 relative=0x00000000000001d4
Event: 14.429 Thread 0x00000158c7a696f0 Uncommon trap: reason=unstable_if action=reinterpret pc=0x00000158d79fd814 method=java.util.HashMap.getNode(Ljava/lang/Object;)Ljava/util/HashMap$Node; @ 66 c2
Event: 14.429 Thread 0x00000158c7a696f0 DEOPT PACKING pc=0x00000158d79fd814 sp=0x00000032943fdf00
Event: 14.429 Thread 0x00000158c7a696f0 DEOPT UNPACKING pc=0x00000158d74346a2 sp=0x00000032943fde10 mode 2

Classes loaded (20 events):
Event: 7.682 Loading class java/util/concurrent/locks/ReadWriteLock
Event: 7.682 Loading class java/util/concurrent/locks/ReadWriteLock done
Event: 7.694 Loading class java/util/concurrent/locks/ReentrantReadWriteLock
Event: 7.694 Loading class java/util/concurrent/locks/ReentrantReadWriteLock done
Event: 7.694 Loading class java/util/concurrent/locks/ReentrantReadWriteLock$FairSync
Event: 7.695 Loading class java/util/concurrent/locks/ReentrantReadWriteLock$Sync
Event: 7.695 Loading class java/util/concurrent/locks/ReentrantReadWriteLock$Sync done
Event: 7.695 Loading class java/util/concurrent/locks/ReentrantReadWriteLock$FairSync done
Event: 7.695 Loading class java/util/concurrent/locks/ReentrantReadWriteLock$Sync$ThreadLocalHoldCounter
Event: 7.695 Loading class java/util/concurrent/locks/ReentrantReadWriteLock$Sync$ThreadLocalHoldCounter done
Event: 7.696 Loading class java/util/concurrent/locks/ReentrantReadWriteLock$ReadLock
Event: 7.696 Loading class java/util/concurrent/locks/ReentrantReadWriteLock$ReadLock done
Event: 7.696 Loading class java/util/concurrent/locks/ReentrantReadWriteLock$WriteLock
Event: 7.696 Loading class java/util/concurrent/locks/ReentrantReadWriteLock$WriteLock done
Event: 7.733 Loading class java/util/LinkedList$DescendingIterator
Event: 7.733 Loading class java/util/LinkedList$DescendingIterator done
Event: 7.748 Loading class sun/net/www/HeaderParser
Event: 7.749 Loading class sun/net/www/HeaderParser done
Event: 14.433 Loading class jdk/internal/reflect/MethodHandleLongFieldAccessorImpl
Event: 14.434 Loading class jdk/internal/reflect/MethodHandleLongFieldAccessorImpl done

Classes unloaded (0 events):
No events

Classes redefined (0 events):
No events

Internal exceptions (20 events):
Event: 4.037 Thread 0x00000158c7a696f0 Exception <a 'java/lang/NoSuchMethodError'{0x000000074c62ab98}: 'java.lang.Object java.lang.invoke.DirectMethodHandle$Holder.invokeStaticInit(java.lang.Object, long, java.lang.Object)'> (0x000000074c62ab98) 
thrown [s\open\src\hotspot\share\interpreter\linkResolver.cpp, line 773]
Event: 4.087 Thread 0x00000158ea2d6130 Exception <a 'java/net/ConnectException'{0x000000074c6b0040}: Connection refused: getsockopt> (0x000000074c6b0040) 
thrown [s\open\src\hotspot\share\prims\jni.cpp, line 539]
Event: 4.110 Thread 0x00000158ea2d6130 Exception <a 'java/net/ConnectException'{0x000000074c6b1130}: Connection refused: getsockopt> (0x000000074c6b1130) 
thrown [s\open\src\hotspot\share\prims\jni.cpp, line 539]
Event: 4.141 Thread 0x00000158ea2d6130 Exception <a 'java/net/ConnectException'{0x000000074c6b2048}: Connection refused: getsockopt> (0x000000074c6b2048) 
thrown [s\open\src\hotspot\share\prims\jni.cpp, line 539]
Event: 4.189 Thread 0x00000158ea2d6130 Exception <a 'java/net/ConnectException'{0x000000074c6b2f60}: Connection refused: getsockopt> (0x000000074c6b2f60) 
thrown [s\open\src\hotspot\share\prims\jni.cpp, line 539]
Event: 4.326 Thread 0x00000158c7a696f0 Exception <a 'java/lang/NoSuchMethodError'{0x000000074c700fe0}: 'double java.lang.invoke.DirectMethodHandle$Holder.invokeVirtual(java.lang.Object, java.lang.Object)'> (0x000000074c700fe0) 
thrown [s\open\src\hotspot\share\interpreter\linkResolver.cpp, line 773]
Event: 4.327 Thread 0x00000158c7a696f0 Exception <a 'java/lang/NoSuchMethodError'{0x000000074c706fb0}: 'float java.lang.invoke.DirectMethodHandle$Holder.invokeVirtual(java.lang.Object, java.lang.Object)'> (0x000000074c706fb0) 
thrown [s\open\src\hotspot\share\interpreter\linkResolver.cpp, line 773]
Event: 4.330 Thread 0x00000158c7a696f0 Exception <a 'java/lang/NoSuchMethodError'{0x000000074c70f0c0}: 'long java.lang.invoke.DirectMethodHandle$Holder.invokeVirtual(java.lang.Object, java.lang.Object)'> (0x000000074c70f0c0) 
thrown [s\open\src\hotspot\share\interpreter\linkResolver.cpp, line 773]
Event: 4.345 Thread 0x00000158c7a696f0 Exception <a 'java/lang/NoSuchMethodError'{0x000000074c739828}: 'java.lang.Object java.lang.invoke.DirectMethodHandle$Holder.invokeVirtual(java.lang.Object, java.lang.Object, java.lang.Object)'> (0x000000074c739828) 
thrown [s\open\src\hotspot\share\interpreter\linkResolver.cpp, line 773]
Event: 4.410 Thread 0x00000158c7a696f0 Exception <a 'java/lang/NoSuchMethodError'{0x000000074c7f9f00}: 'java.lang.Object java.lang.invoke.DirectMethodHandle$Holder.newInvokeSpecial(java.lang.Object, java.lang.Object, int, int)'> (0x000000074c7f9f00) 
thrown [s\open\src\hotspot\share\interpreter\linkResolver.cpp, line 773]
Event: 4.412 Thread 0x00000158c7a696f0 Exception <a 'java/lang/NoSuchMethodError'{0x000000074c404880}: 'void java.lang.invoke.DirectMethodHandle$Holder.invokeStatic(java.lang.Object, java.lang.Object, int)'> (0x000000074c404880) 
thrown [s\open\src\hotspot\share\interpreter\linkResolver.cpp, line 773]
Event: 4.460 Thread 0x00000158c7a696f0 Exception <a 'java/lang/NoSuchMethodError'{0x000000074c4ad5c8}: 'java.lang.Object java.lang.invoke.DirectMethodHandle$Holder.newInvokeSpecial(java.lang.Object, java.lang.Object, java.lang.Object, java.lang.Object, java.lang.Object)'> (0x000000074c4ad5c8) 
thrown [s\open\src\hotspot\share\interpreter\linkResolver.cpp, line 773]
Event: 4.563 Thread 0x00000158ea2d6e50 Exception <a 'java/lang/NoSuchMethodError'{0x000000074c59b210}: 'java.lang.Object java.lang.invoke.DirectMethodHandle$Holder.invokeSpecial(java.lang.Object, java.lang.Object, java.lang.Object, java.lang.Object, int)'> (0x000000074c59b210) 
thrown [s\open\src\hotspot\share\interpreter\linkResolver.cpp, line 773]
Event: 4.564 Thread 0x00000158ea2d6e50 Exception <a 'java/lang/NoSuchMethodError'{0x000000074c59eb58}: 'java.lang.Object java.lang.invoke.Invokers$Holder.linkToTargetMethod(java.lang.Object, java.lang.Object, int, java.lang.Object)'> (0x000000074c59eb58) 
thrown [s\open\src\hotspot\share\interpreter\linkResolver.cpp, line 773]
Event: 4.607 Thread 0x00000158ea2d6e50 Exception <a 'java/lang/NoSuchMethodError'{0x000000074c5de1b0}: 'void java.lang.invoke.DirectMethodHandle$Holder.invokeSpecial(java.lang.Object, java.lang.Object, java.lang.Object, java.lang.Object, java.lang.Object)'> (0x000000074c5de1b0) 
thrown [s\open\src\hotspot\share\interpreter\linkResolver.cpp, line 773]
Event: 7.400 Thread 0x00000158ea2da2d0 Exception <a 'java/lang/NoSuchMethodError'{0x000000074c28c8e8}: 'void java.lang.invoke.DirectMethodHandle$Holder.invokeSpecial(java.lang.Object, java.lang.Object, java.lang.Object, java.lang.Object, java.lang.Object, java.lang.Object, java.lang.Object)'> (0x000000074c28c8e8) 
thrown [s\open\src\hotspot\share\interpreter\linkResolver.cpp, line 773]
Event: 7.449 Thread 0x00000158c7a696f0 Exception <a 'java/lang/NoSuchMethodError'{0x000000074c2cffe0}: 'java.lang.Object java.lang.invoke.DirectMethodHandle$Holder.invokeSpecialIFC(java.lang.Object, java.lang.Object, java.lang.Object)'> (0x000000074c2cffe0) 
thrown [s\open\src\hotspot\share\interpreter\linkResolver.cpp, line 773]
Event: 14.434 Thread 0x00000158c7a696f0 Exception <a 'java/lang/NoSuchMethodError'{0x000000074bf6be08}: 'long java.lang.invoke.DelegatingMethodHandle$Holder.reinvoke_L(java.lang.Object, java.lang.Object)'> (0x000000074bf6be08) 
thrown [s\open\src\hotspot\share\interpreter\linkResolver.cpp, line 773]
Event: 14.436 Thread 0x00000158c7a696f0 Exception <a 'java/lang/NoSuchMethodError'{0x000000074bf75ad0}: 'void java.lang.invoke.DelegatingMethodHandle$Holder.reinvoke_L(java.lang.Object, java.lang.Object, long)'> (0x000000074bf75ad0) 
thrown [s\open\src\hotspot\share\interpreter\linkResolver.cpp, line 773]
Event: 14.438 Thread 0x00000158c7a696f0 Exception <a 'java/lang/NoSuchMethodError'{0x000000074bf7c2b0}: 'long java.lang.invoke.Invokers$Holder.invokeExact_MT(java.lang.Object, java.lang.Object, java.lang.Object)'> (0x000000074bf7c2b0) 
thrown [s\open\src\hotspot\share\interpreter\linkResolver.cpp, line 773]

ZGC Phase Switch (0 events):
No events

VM Operations (20 events):
Event: 4.049 Executing VM operation: HandshakeAllThreads (Deoptimize)
Event: 4.049 Executing VM operation: HandshakeAllThreads (Deoptimize) done
Event: 4.050 Executing VM operation: Cleanup
Event: 4.050 Executing VM operation: Cleanup done
Event: 4.051 Executing VM operation: HandshakeAllThreads (Deoptimize)
Event: 4.051 Executing VM operation: HandshakeAllThreads (Deoptimize) done
Event: 4.295 Executing VM operation: HandshakeAllThreads (Deoptimize)
Event: 4.295 Executing VM operation: HandshakeAllThreads (Deoptimize) done
Event: 5.301 Executing VM operation: Cleanup
Event: 5.301 Executing VM operation: Cleanup done
Event: 7.356 Executing VM operation: HandshakeAllThreads (Deoptimize)
Event: 7.356 Executing VM operation: HandshakeAllThreads (Deoptimize) done
Event: 7.356 Executing VM operation: Cleanup
Event: 7.356 Executing VM operation: Cleanup done
Event: 7.361 Executing VM operation: HandshakeAllThreads (Deoptimize)
Event: 7.361 Executing VM operation: HandshakeAllThreads (Deoptimize) done
Event: 8.376 Executing VM operation: Cleanup
Event: 8.376 Executing VM operation: Cleanup done
Event: 9.378 Executing VM operation: Cleanup
Event: 9.378 Executing VM operation: Cleanup done

Events (20 events):
Event: 0.820 Thread 0x00000158e9102e80 Thread added: 0x00000158e9102e80
Event: 1.327 Thread 0x00000158e9102e80 Thread exited: 0x00000158e9102e80
Event: 1.341 Thread 0x00000158e4d6bcb0 Thread added: 0x00000158e4d6bcb0
Event: 2.933 Thread 0x00000158e4d6c340 Thread added: 0x00000158e4d6c340
Event: 3.157 Thread 0x00000158e91020e0 Thread added: 0x00000158e91020e0
Event: 3.837 Thread 0x00000158e91020e0 Thread exited: 0x00000158e91020e0
Event: 3.886 Thread 0x00000158e4d68ec0 Thread added: 0x00000158e4d68ec0
Event: 4.045 Thread 0x00000158e4d69550 Thread added: 0x00000158e4d69550
Event: 4.052 Thread 0x00000158e4d69be0 Thread added: 0x00000158e4d69be0
Event: 4.057 Thread 0x00000158ea2d9c40 Thread added: 0x00000158ea2d9c40
Event: 4.065 Thread 0x00000158ea2d6130 Thread added: 0x00000158ea2d6130
Event: 4.294 Thread 0x00000158ea2db680 Thread added: 0x00000158ea2db680
Event: 4.531 Thread 0x00000158ea2d6e50 Thread added: 0x00000158ea2d6e50
Event: 4.641 Thread 0x00000158ea2da2d0 Thread added: 0x00000158ea2da2d0
Event: 7.631 Thread 0x00000158ea2d67c0 Thread added: 0x00000158ea2d67c0
Event: 7.636 Thread 0x00000158ea2dd750 Thread added: 0x00000158ea2dd750
Event: 7.643 Thread 0x00000158ea2d74e0 Thread added: 0x00000158ea2d74e0
Event: 7.644 Thread 0x00000158ea2d8200 Thread added: 0x00000158ea2d8200
Event: 8.948 Thread 0x00000158ea2d7b70 Thread added: 0x00000158ea2d7b70
Event: 14.306 Thread 0x00000158ea2db680 Thread exited: 0x00000158ea2db680


Dynamic libraries:
0x00007ff7fc340000 - 0x00007ff7fc350000 	C:\Program Files\Java\jdk-21\bin\javaw.exe
0x00007ffb56770000 - 0x00007ffb56968000 	C:\Windows\SYSTEM32\ntdll.dll
0x00007ffb54a00000 - 0x00007ffb54ac1000 	C:\Windows\System32\KERNEL32.DLL
0x00007ffb541b0000 - 0x00007ffb544ad000 	C:\Windows\System32\KERNELBASE.dll
0x0000000060fa0000 - 0x00000000612d2000 	C:\Program Files\Norton Security\NortonData\22.23.10.10\Definitions\IPSDefs\20240807.064\IPSEng64.dll
0x00007ffb54840000 - 0x00007ffb548f0000 	C:\Windows\System32\ADVAPI32.dll
0x00007ffb547a0000 - 0x00007ffb5483e000 	C:\Windows\System32\msvcrt.dll
0x00007ffb56400000 - 0x00007ffb564a0000 	C:\Windows\System32\sechost.dll
0x00007ffb55970000 - 0x00007ffb55a93000 	C:\Windows\System32\RPCRT4.dll
0x00007ffb54650000 - 0x00007ffb54677000 	C:\Windows\System32\bcrypt.dll
0x00007ffb551a0000 - 0x00007ffb551a8000 	C:\Windows\System32\PSAPI.DLL
0x00007ffb544b0000 - 0x00007ffb545b0000 	C:\Windows\System32\ucrtbase.dll
0x00007ffb4d690000 - 0x00007ffb4d6a9000 	C:\Program Files\Java\jdk-21\bin\jli.dll
0x00007ffb55350000 - 0x00007ffb554ed000 	C:\Windows\System32\USER32.dll
0x00007ffb54180000 - 0x00007ffb541a2000 	C:\Windows\System32\win32u.dll
0x00007ffb54ad0000 - 0x00007ffb54afb000 	C:\Windows\System32\GDI32.dll
0x00007ffb54680000 - 0x00007ffb54797000 	C:\Windows\System32\gdi32full.dll
0x00007ffb545b0000 - 0x00007ffb5464d000 	C:\Windows\System32\msvcp_win.dll
0x00007ffb4b6d0000 - 0x00007ffb4b6eb000 	C:\Program Files\Java\jdk-21\bin\VCRUNTIME140.dll
0x00007ffb4e470000 - 0x00007ffb4e70a000 	C:\Windows\WinSxS\amd64_microsoft.windows.common-controls_6595b64144ccf1df_6.0.19041.4355_none_60b8b9eb71f62e16\COMCTL32.dll
0x00007ffb480f0000 - 0x00007ffb480fa000 	C:\Windows\SYSTEM32\VERSION.dll
0x00007ffb548f0000 - 0x00007ffb5491f000 	C:\Windows\System32\IMM32.DLL
0x00007ffb4d680000 - 0x00007ffb4d68c000 	C:\Program Files\Java\jdk-21\bin\vcruntime140_1.dll
0x00007ffb2e470000 - 0x00007ffb2e4fe000 	C:\Program Files\Java\jdk-21\bin\msvcp140.dll
0x00007ffadb190000 - 0x00007ffadbea3000 	C:\Program Files\Java\jdk-21\bin\server\jvm.dll
0x00007ffb551b0000 - 0x00007ffb5521b000 	C:\Windows\System32\WS2_32.dll
0x00007ffb533a0000 - 0x00007ffb533eb000 	C:\Windows\SYSTEM32\POWRPROF.dll
0x00007ffb3f090000 - 0x00007ffb3f0b7000 	C:\Windows\SYSTEM32\WINMM.dll
0x00007ffb53210000 - 0x00007ffb53222000 	C:\Windows\SYSTEM32\UMPDC.dll
0x00007ffb51bc0000 - 0x00007ffb51bd2000 	C:\Windows\SYSTEM32\kernel.appcore.dll
0x00007ffb4d5e0000 - 0x00007ffb4d5ea000 	C:\Program Files\Java\jdk-21\bin\jimage.dll
0x00007ffb4ef70000 - 0x00007ffb4f154000 	C:\Windows\SYSTEM32\DBGHELP.DLL
0x00007ffb4d490000 - 0x00007ffb4d4c4000 	C:\Windows\SYSTEM32\dbgcore.DLL
0x00007ffb540f0000 - 0x00007ffb54172000 	C:\Windows\System32\bcryptPrimitives.dll
0x00007ffb47e60000 - 0x00007ffb47e7f000 	C:\Program Files\Java\jdk-21\bin\java.dll
0x00007ffb55c90000 - 0x00007ffb563ff000 	C:\Windows\System32\SHELL32.dll
0x00007ffb51ea0000 - 0x00007ffb5263f000 	C:\Windows\SYSTEM32\windows.storage.dll
0x00007ffb54db0000 - 0x00007ffb55103000 	C:\Windows\System32\combase.dll
0x00007ffb53840000 - 0x00007ffb5386e000 	C:\Windows\SYSTEM32\Wldp.dll
0x00007ffb54bc0000 - 0x00007ffb54c8d000 	C:\Windows\System32\OLEAUT32.dll
0x00007ffb55aa0000 - 0x00007ffb55b4d000 	C:\Windows\System32\SHCORE.dll
0x00007ffb56520000 - 0x00007ffb56575000 	C:\Windows\System32\shlwapi.dll
0x00007ffb53d50000 - 0x00007ffb53d74000 	C:\Windows\SYSTEM32\profapi.dll
0x00007ffb2e170000 - 0x00007ffb2e247000 	C:\Program Files\Java\jdk-21\bin\jsvml.dll
0x00007ffb4c980000 - 0x00007ffb4c990000 	C:\Program Files\Java\jdk-21\bin\net.dll
0x00007ffb4b060000 - 0x00007ffb4b16d000 	C:\Windows\SYSTEM32\WINHTTP.dll
0x00007ffb535a0000 - 0x00007ffb5360a000 	C:\Windows\system32\mswsock.dll
0x00007ffb46b90000 - 0x00007ffb46ba6000 	C:\Program Files\Java\jdk-21\bin\nio.dll
0x00007ffb46870000 - 0x00007ffb46888000 	C:\Program Files\Java\jdk-21\bin\zip.dll
0x00007ffb53280000 - 0x00007ffb5334a000 	C:\Windows\SYSTEM32\DNSAPI.dll
0x00007ffb53230000 - 0x00007ffb5326b000 	C:\Windows\SYSTEM32\IPHLPAPI.DLL
0x00007ffb55960000 - 0x00007ffb55968000 	C:\Windows\System32\NSI.dll
0x00007ffb49a30000 - 0x00007ffb49a3a000 	C:\Windows\System32\rasadhlp.dll
0x00007ffb49ec0000 - 0x00007ffb49f40000 	C:\Windows\System32\fwpuclnt.dll
0x00007ffb4c270000 - 0x00007ffb4c279000 	C:\Program Files\Java\jdk-21\bin\extnet.dll
0x00007ffb537a0000 - 0x00007ffb537b8000 	C:\Windows\SYSTEM32\CRYPTSP.dll
0x00007ffb52e50000 - 0x00007ffb52e84000 	C:\Windows\system32\rsaenh.dll
0x00007ffb53d00000 - 0x00007ffb53d2e000 	C:\Windows\SYSTEM32\USERENV.dll
0x00007ffb53790000 - 0x00007ffb5379c000 	C:\Windows\SYSTEM32\CRYPTBASE.dll
0x00007ffb4b770000 - 0x00007ffb4b77e000 	C:\Program Files\Java\jdk-21\bin\sunmscapi.dll
0x00007ffb53e20000 - 0x00007ffb53f7e000 	C:\Windows\System32\CRYPT32.dll
0x00007ffb538b0000 - 0x00007ffb538d9000 	C:\Windows\SYSTEM32\ncrypt.dll
0x00007ffb53870000 - 0x00007ffb538ab000 	C:\Windows\SYSTEM32\NTASN1.dll
0x00007ffb4b650000 - 0x00007ffb4b657000 	C:\Windows\system32\wshunix.dll

dbghelp: loaded successfully - version: 4.0.5 - missing functions: none
symbol engine: initialized successfully - sym options: 0x614 - pdb path: .;C:\Program Files\Java\jdk-21\bin;C:\Windows\SYSTEM32;C:\Program Files\Norton Security\NortonData\22.23.10.10\Definitions\IPSDefs\20240807.064;C:\Windows\WinSxS\amd64_microsoft.windows.common-controls_6595b64144ccf1df_6.0.19041.4355_none_60b8b9eb71f62e16;C:\Program Files\Java\jdk-21\bin\server

VM Arguments:
jvm_args: -ea -Dfile.encoding=UTF-8 -Dstdout.encoding=UTF-8 -Dstderr.encoding=UTF-8 -XX:+ShowCodeDetailsInExceptionMessages 
java_command: org.testng.remote.RemoteTestNG -serport 58697 -protocol json -d E:\new eclipse\assessmenttask2\test-output C:\Users\User\AppData\Local\Temp\testng-eclipse-369893451\testng-customsuite.xml
java_class_path (initial): C:\Users\User\eclipse\java-2023-12\eclipse\configuration\org.eclipse.osgi\522\0\.cp\lib\testng-remote.jar;E:\new eclipse\assessmenttask2\target\test-classes;E:\new eclipse\assessmenttask2\target\classes;C:\Users\User\.p2\pool\plugins\org.testng_7.4.0.r202105021533.jar;C:\Users\User\.p2\pool\plugins\com.beust.jcommander_1.78.0.jar;C:\Users\User\.p2\pool\plugins\org.apache-extras.beanshell.bsh_2.0.0.b6.jar;C:\Users\User\.p2\pool\plugins\org.yaml.snakeyaml_1.21.0.jar;C:\Users\User\.p2\pool\plugins\org.webjars.jquery_3.5.1.jar;C:\Users\User\.m2\repository\org\testng\testng\7.10.2\testng-7.10.2.jar;C:\Users\User\.m2\repository\org\slf4j\slf4j-api\1.7.36\slf4j-api-1.7.36.jar;C:\Users\User\.m2\repository\com\beust\jcommander\1.82\jcommander-1.82.jar;C:\Users\User\.m2\repository\org\webjars\jquery\3.7.1\jquery-3.7.1.jar;C:\Users\User\.m2\repository\org\seleniumhq\selenium\selenium-java\4.23.0\selenium-java-4.23.0.jar;C:\Users\User\.m2\repository\org\seleniumhq\selenium\selenium-api\4.23.0\selenium-api-4.23.0.jar;C:\Users\User\.m2\repository\org\seleniumhq\selenium\selenium-chrome-driver\4.23.0\selenium-chrome-driver-4.23.0.jar;C:\Users\User\.m2\repository\com\google\auto\service\auto-service-annotations\1.1.1\auto-service-annotations-1.1.1.jar;C:\Users\User\.m2\repository\org\seleniumhq\selenium\selenium-chromium-driver\4.23.0\selenium-chromium-driver-4.23.0.jar;C:\Users\User\.m2\repository\org\seleniumhq\selenium\selenium-json\4.23.0\selenium-json-4.23.0.jar;C:\Users\User\.m2\repository\org\seleniumhq\selenium\selenium-manager\4.23.0\selenium-manager-4.23.0.jar;C:\Users\User\.m2\repository\org\seleniumhq\selenium\selenium-devtools-v125\4.23.0\selenium-devtools-v125-4.23.0.jar;C:\Users\User\.m2\repository\org\seleniumhq\selenium\selenium-devtools-v126\4.23.0\selenium-devtools-v126-4.23.0.jar;C:\Users\User\.m2\repository\org\seleniumhq\selenium\selenium-devtools-v127\4.23.0\selenium-devtools-v127-4.23.0.jar;C:\Users\User\.m2\repository\org\seleniumhq\selenium\selenium-devtools-v85\4.23.0\selenium-devtools-v85-4.23.0.jar;C:\Users\User\.m2\repository\org\seleniumhq\selenium\selenium-edge-driver\4.23.0\selenium-edge-driver-4.23.0.jar;C:\Users\User\.m2\repository\org\seleniumhq\selenium\selenium-firefox-driver\4.23.0\selenium-firefox-driver-4.23.0.jar;C:\Users\User\.m2\repository\org\seleniumhq\selenium\selenium-http\4.23.0\selenium-http-4.23.0.jar;C:\Users\User\.m2\repository\dev\failsafe\failsafe\3.3.2\failsafe-3.3.2.jar;C:\Users\User\.m2\repository\org\seleniumhq\selenium\selenium-ie-driver\4.23.0\selenium-ie-driver-4.23.0.jar;C:\Users\User\.m2\repository\org\seleniumhq\selenium\selenium-remote-driver\4.23.0\selenium-remote-driver-4.23.0.jar;C:\Users\User\.m2\repository\com\google\guava\guava\33.2.1-jre\guava-33.2.1-jre.jar;C:\Users\User\.m2\repository\com\google\guava\failureaccess\1.0.2\failureaccess-1.0.2.jar;C:\Users\User\.m2\repository\com\google\guava\listenablefuture\9999.0-empty-to-avoid-conflict-with-guava\listenablefuture-9999.0-empty-to-avoid-conflict-with-guava.jar;C:\Users\User\.m2\repository\com\google\code\findbugs\jsr305\3.0.2\jsr305-3.0.2.jar;C:\Users\User\.m2\repository\org\checkerframework\checker-qual\3.42.0\checker-qual-3.42.0.jar;C:\Users\User\.m2\repository\com\google\j2objc\j2objc-annotations\3.0.0\j2objc-annotations-3.0.0.jar;C:\Users\User\.m2\repository\io\opentelemetry\semconv\opentelemetry-semconv\1.25.0-alpha\opentelemetry-semconv-1.25.0-alpha.jar;C:\Users\User\.m2\repository\io\opentelemetry\opentelemetry-api\1.40.0\opentelemetry-api-1.40.0.jar;C:\Users\User\.m2\repository\io\opentelemetry\opentelemetry-context\1.40.0\opentelemetry-context-1.40.0.jar;C:\Users\User\.m2\repository\io\opentelemetry\opentelemetry-exporter-logging\1.40.0\opentelemetry-exporter-logging-1.40.0.jar;C:\Users\User\.m2\repository\io\opentelemetry\opentelemetry-sdk-common\1.40.0\opentelemetry-sdk-common-1.40.0.jar;C:\Users\User\.m2\repository\io\opentelemetry\opentelemetry-sdk-extension-autoconfigure-spi\1.40.0\opentelemetry-sdk-extension-autoconfigure-spi-1.40.0.jar;C:\Users\User\.m2\repository\io\opentelemetry\opentelemetry-sdk-extension-autoconfigure\1.40.0\opentelemetry-sdk-extension-autoconfigure-1.40.0.jar;C:\Users\User\.m2\repository\io\opentelemetry\opentelemetry-api-incubator\1.40.0-alpha\opentelemetry-api-incubator-1.40.0-alpha.jar;C:\Users\User\.m2\repository\io\opentelemetry\opentelemetry-sdk-trace\1.40.0\opentelemetry-sdk-trace-1.40.0.jar;C:\Users\User\.m2\repository\io\opentelemetry\opentelemetry-sdk\1.40.0\opentelemetry-sdk-1.40.0.jar;C:\Users\User\.m2\repository\io\opentelemetry\opentelemetry-sdk-metrics\1.40.0\opentelemetry-sdk-metrics-1.40.0.jar;C:\Users\User\.m2\repository\io\opentelemetry\opentelemetry-sdk-logs\1.40.0\opentelemetry-sdk-logs-1.40.0.jar;C:\Users\User\.m2\repository\net\bytebuddy\byte-buddy\1.14.18\byte-buddy-1.14.18.jar;C:\Users\User\.m2\repository\org\seleniumhq\selenium\selenium-os\4.23.0\selenium-os-4.23.0.jar;C:\Users\User\.m2\repository\org\apache\commons\commons-exec\1.4.0\commons-exec-1.4.0.jar;C:\Users\User\.m2\repository\org\seleniumhq\selenium\selenium-safari-driver\4.23.0\selenium-safari-driver-4.23.0.jar;C:\Users\User\.m2\repository\org\seleniumhq\selenium\selenium-support\4.23.0\selenium-support-4.23.0.jar;C:\Users\User\.m2\repository\io\github\bonigarcia\webdrivermanager\5.9.2\webdrivermanager-5.9.2.jar;C:\Users\User\.m2\repository\com\google\code\gson\gson\2.11.0\gson-2.11.0.jar;C:\Users\User\.m2\repository\com\google\errorprone\error_prone_annotations\2.27.0\error_prone_annotations-2.27.0.jar;C:\Users\User\.m2\repository\com\github\docker-java\docker-java\3.4.0\docker-java-3.4.0.jar;C:\Users\User\.m2\repository\com\github\docker-java\docker-java-core\3.4.0\docker-java-core-3.4.0.jar;C:\Users\User\.m2\repository\com\github\docker-java\docker-java-api\3.4.0\docker-java-api-3.4.0.jar;C:\Users\User\.m2\repository\com\fasterxml\jackson\core\jackson-annotations\2.10.3\jackson-annotations-2.10.3.jar;C:\Users\User\.m2\repository\com\fasterxml\jackson\core\jackson-databind\2.10.3\jackson-databind-2.10.3.jar;C:\Users\User\.m2\repository\com\fasterxml\jackson\core\jackson-core\2.10.3\jackson-core-2.10.3.jar;C:\Users\User\.m2\repository\org\slf4j\jcl-over-slf4j\1.7.30\jcl-over-slf4j-1.7.30.jar;C:\Users\User\.m2\repository\com\github\docker-java\docker-java-transport-httpclient5\3.4.0\docker-java-transport-httpclient5-3.4.0.jar;C:\Users\User\.m2\repository\com\github\docker-java\docker-java-transport\3.4.0\docker-java-transport-3.4.0.jar;C:\Users\User\.m2\repository\net\java\dev\jna\jna\5.13.0\jna-5.13.0.jar;C:\Users\User\.m2\repository\org\brotli\dec\0.1.2\dec-0.1.2.jar;C:\Users\User\.m2\repository\org\apache\commons\commons-lang3\3.15.0\commons-lang3-3.15.0.jar;C:\Users\User\.m2\repository\org\apache\commons\commons-compress\1.26.2\commons-compress-1.26.2.jar;C:\Users\User\.m2\repository\commons-codec\commons-codec\1.17.0\commons-codec-1.17.0.jar;C:\Users\User\.m2\repository\commons-io\commons-io\2.16.1\commons-io-2.16.1.jar;C:\Users\User\.m2\repository\org\apache\httpcomponents\client5\httpclient5\5.2.1\httpclient5-5.2.1.jar;C:\Users\User\.m2\repository\org\apache\httpcomponents\core5\httpcore5\5.2\httpcore5-5.2.jar;C:\Users\User\.m2\repository\org\apache\httpcomponents\core5\httpcore5-h2\5.2\httpcore5-h2-5.2.jar
Launcher Type: SUN_STANDARD

[Global flags]
     intx CICompilerCount                          = 3                                         {product} {ergonomic}
     uint ConcGCThreads                            = 1                                         {product} {ergonomic}
     uint G1ConcRefinementThreads                  = 4                                         {product} {ergonomic}
   size_t G1HeapRegionSize                         = 2097152                                   {product} {ergonomic}
    uintx GCDrainStackTargetSize                   = 64                                        {product} {ergonomic}
   size_t InitialHeapSize                          = 201326592                                 {product} {ergonomic}
   size_t MarkStackSize                            = 4194304                                   {product} {ergonomic}
   size_t MaxHeapSize                              = 3200253952                                {product} {ergonomic}
   size_t MaxNewSize                               = 1918894080                                {product} {ergonomic}
   size_t MinHeapDeltaBytes                        = 2097152                                   {product} {ergonomic}
   size_t MinHeapSize                              = 8388608                                   {product} {ergonomic}
    uintx NonNMethodCodeHeapSize                   = 5832780                                {pd product} {ergonomic}
    uintx NonProfiledCodeHeapSize                  = 122912730                              {pd product} {ergonomic}
    uintx ProfiledCodeHeapSize                     = 122912730                              {pd product} {ergonomic}
    uintx ReservedCodeCacheSize                    = 251658240                              {pd product} {ergonomic}
     bool SegmentedCodeCache                       = true                                      {product} {ergonomic}
     bool ShowCodeDetailsInExceptionMessages       = true                                   {manageable} {command line}
   size_t SoftMaxHeapSize                          = 3200253952                             {manageable} {ergonomic}
     bool UseCompressedOops                        = true                           {product lp64_product} {ergonomic}
     bool UseG1GC                                  = true                                      {product} {ergonomic}
     bool UseLargePagesIndividualAllocation        = false                                  {pd product} {ergonomic}

Logging:
Log output configuration:
 #0: stdout all=warning uptime,level,tags foldmultilines=false
 #1: stderr all=off uptime,level,tags foldmultilines=false

Environment Variables:
JAVA_HOME=C:\Program Files\Java\jdk-21
PATH=C:/Users/User/.p2/pool/plugins/org.eclipse.justj.openjdk.hotspot.jre.full.win32.x86_64_17.0.10.v20240120-1143/jre/bin/server;C:/Users/User/.p2/pool/plugins/org.eclipse.justj.openjdk.hotspot.jre.full.win32.x86_64_17.0.10.v20240120-1143/jre/bin;C:\Windows\system32;C:\Windows;C:\Windows\system32\Wbem;C:\Program Files\Common Files\Oracle\Java\javapath;C:\Windows\System32\WindowsPowerShell\v1.0\;C:\Windows\System32\OpenSSH\;C:\Program Files\Java\jdk-17\bin;C:\Program Files\Java\jdk-21\bin;C:\Program Files\Maven\apache-maven-3.9.8\bin;C:\Users\User\AppData\Local\Microsoft\WindowsApps;;C:\Users\User\Desktop;
USERNAME=User
OS=Windows_NT
PROCESSOR_IDENTIFIER=Intel64 Family 6 Model 61 Stepping 4, GenuineIntel
TMP=C:\Users\User\AppData\Local\Temp
TEMP=C:\Users\User\AppData\Local\Temp




Periodic native trim disabled

---------------  S Y S T E M  ---------------

OS:
 Windows 10 , 64 bit Build 19041 (10.0.19041.4717)
OS uptime: 13 days 6:33 hours

CPU: total 4 (initial active 4) (2 cores per cpu, 2 threads per core) family 6 model 61 stepping 4 microcode 0x2d, cx8, cmov, fxsr, ht, mmx, 3dnowpref, sse, sse2, sse3, ssse3, sse4.1, sse4.2, popcnt, lzcnt, tsc, tscinvbit, avx, avx2, aes, erms, clmul, bmi1, bmi2, adx, fma, vzeroupper, clflush, rdtscp, f16c
Processor Information for all 4 processors :
  Max Mhz: 2000, Current Mhz: 1300, Mhz Limit: 1300

Memory: 4k page, system-wide physical 12202M (2206M free)
TotalPageFile size 27385M (AvailPageFile size 0M)
current process WorkingSet (physical memory assigned to process): 99M, peak: 105M
current process commit charge ("private bytes"): 299M, peak: 309M

vm_info: Java HotSpot(TM) 64-Bit Server VM (21.0.4+8-LTS-274) for windows-amd64 JRE (21.0.4+8-LTS-274), built on 2024-06-05T05:23:33Z by "mach5one" with MS VC++ 17.6 (VS2022)

END.
