#
# There is insufficient memory for the Java Runtime Environment to continue.
# Native memory allocation (malloc) failed to allocate 665616 bytes for Chunk::new
# Possible reasons:
#   The system is out of physical RAM or swap space
#   The process is running with CompressedOops enabled, and the Java Heap may be blocking the growth of the native heap
# Possible solutions:
#   Reduce memory load on the system
#   Increase physical memory or swap space
#   Check if swap backing store is full
#   Decrease Java heap size (-Xmx/-Xms)
#   Decrease number of Java threads
#   Decrease Java thread stack sizes (-Xss)
#   Set larger code cache with -XX:ReservedCodeCacheSize=
#   JVM is running with Zero Based Compressed Oops mode in which the Java heap is
#     placed in the first 32GB address space. The Java Heap base address is the
#     maximum limit for the native heap growth. Please use -XX:HeapBaseMinAddress
#     to set the Java Heap base and to place the Java Heap above 32GB virtual address.
# This output file may be truncated or incomplete.
#
#  Out of Memory Error (arena.cpp:168), pid=22472, tid=13176
#
# JRE version: Java(TM) SE Runtime Environment (21.0.4+8) (build 21.0.4+8-LTS-274)
# Java VM: Java HotSpot(TM) 64-Bit Server VM (21.0.4+8-LTS-274, mixed mode, sharing, tiered, compressed oops, compressed class ptrs, g1 gc, windows-amd64)
# No core dump will be written. Minidumps are not enabled by default on client versions of Windows
#

---------------  S U M M A R Y ------------

Command Line: -ea -Dfile.encoding=UTF-8 -Dstdout.encoding=UTF-8 -Dstderr.encoding=UTF-8 -XX:+ShowCodeDetailsInExceptionMessages org.testng.remote.RemoteTestNG -serport 63716 -protocol json -d E:\new eclipse\assessmenttask2\test-output C:\Users\User\AppData\Local\Temp\testng-eclipse--803827732\testng-customsuite.xml

Host: Intel(R) Core(TM) i3-5005U CPU @ 2.00GHz, 4 cores, 11G,  Windows 10 , 64 bit Build 19041 (10.0.19041.4717)
Time: Thu Aug  8 15:32:19 2024 India Standard Time elapsed time: 7.508825 seconds (0d 0h 0m 7s)

---------------  T H R E A D  ---------------

Current thread (0x000001b7d3eec1b0):  JavaThread "C2 CompilerThread0" daemon [_thread_in_native, id=13176, stack(0x0000005d26400000,0x0000005d26500000) (1024K)]


Current CompileTask:
C2:   7509 2006       4       java.lang.invoke.MethodType::makeImpl (109 bytes)

Stack: [0x0000005d26400000,0x0000005d26500000]
Native frames: (J=compiled Java code, j=interpreted, Vv=VM code, C=native code)
V  [jvm.dll+0x6c8e59]
V  [jvm.dll+0x853181]
V  [jvm.dll+0x8556ae]
V  [jvm.dll+0x855d83]
V  [jvm.dll+0x27d526]
V  [jvm.dll+0xc4aad]
V  [jvm.dll+0xc4fe3]
V  [jvm.dll+0x3b3fd2]
V  [jvm.dll+0x3809a5]
V  [jvm.dll+0x37fe1a]
V  [jvm.dll+0x246280]
V  [jvm.dll+0x24585f]
V  [jvm.dll+0x1c69de]
V  [jvm.dll+0x254d49]
V  [jvm.dll+0x2532da]
V  [jvm.dll+0x3ed426]
V  [jvm.dll+0x7fd65b]
V  [jvm.dll+0x6c753d]
C  [ucrtbase.dll+0x21bb2]
C  [KERNEL32.DLL+0x17374]
C  [ntdll.dll+0x4cc91]


---------------  P R O C E S S  ---------------

Threads class SMR info:
_java_thread_list=0x000001b819a25490, length=21, elements={
0x000001b7b47fb320, 0x000001b7d3ee36c0, 0x000001b7d3ee5ca0, 0x000001b7d3ee74f0,
0x000001b7d3ee7f50, 0x000001b7d3eea9c0, 0x000001b7d3eeb420, 0x000001b7d3eec1b0,
0x000001b7d3f13390, 0x000001b819242a20, 0x000001b819255080, 0x000001b8197536e0,
0x000001b81a210e50, 0x000001b81a123160, 0x000001b81934e7c0, 0x000001b81934ee30,
0x000001b8199b4470, 0x000001b8199d36e0, 0x000001b8199d1ca0, 0x000001b8199d4a90,
0x000001b8199d2330
}

Java Threads: ( => current thread )
  0x000001b7b47fb320 JavaThread "Forwarding newSession on session null to remote"        [_thread_blocked, id=19356, stack(0x0000005d25600000,0x0000005d25700000) (1024K)]
  0x000001b7d3ee36c0 JavaThread "Reference Handler"          daemon [_thread_blocked, id=11936, stack(0x0000005d25e00000,0x0000005d25f00000) (1024K)]
  0x000001b7d3ee5ca0 JavaThread "Finalizer"                  daemon [_thread_blocked, id=16892, stack(0x0000005d25f00000,0x0000005d26000000) (1024K)]
  0x000001b7d3ee74f0 JavaThread "Signal Dispatcher"          daemon [_thread_blocked, id=21764, stack(0x0000005d26000000,0x0000005d26100000) (1024K)]
  0x000001b7d3ee7f50 JavaThread "Attach Listener"            daemon [_thread_blocked, id=15356, stack(0x0000005d26100000,0x0000005d26200000) (1024K)]
  0x000001b7d3eea9c0 JavaThread "Service Thread"             daemon [_thread_blocked, id=4984, stack(0x0000005d26200000,0x0000005d26300000) (1024K)]
  0x000001b7d3eeb420 JavaThread "Monitor Deflation Thread"   daemon [_thread_blocked, id=17620, stack(0x0000005d26300000,0x0000005d26400000) (1024K)]
=>0x000001b7d3eec1b0 JavaThread "C2 CompilerThread0"         daemon [_thread_in_native, id=13176, stack(0x0000005d26400000,0x0000005d26500000) (1024K)]
  0x000001b7d3f13390 JavaThread "C1 CompilerThread0"         daemon [_thread_blocked, id=16644, stack(0x0000005d26500000,0x0000005d26600000) (1024K)]
  0x000001b819242a20 JavaThread "Notification Thread"        daemon [_thread_blocked, id=22336, stack(0x0000005d26600000,0x0000005d26700000) (1024K)]
  0x000001b819255080 JavaThread "Common-Cleaner"             daemon [_thread_blocked, id=16772, stack(0x0000005d26700000,0x0000005d26800000) (1024K)]
  0x000001b8197536e0 JavaThread "ReaderThread"                      [_thread_in_native, id=21920, stack(0x0000005d26900000,0x0000005d26a00000) (1024K)]
  0x000001b81a210e50 JavaThread "ForkJoinPool.commonPool-worker-1" daemon [_thread_blocked, id=8388, stack(0x0000005d26d00000,0x0000005d26e00000) (1024K)]
  0x000001b81a123160 JavaThread "HttpClient-1-SelectorManager" daemon [_thread_in_native, id=14300, stack(0x0000005d26e00000,0x0000005d26f00000) (1024K)]
  0x000001b81934e7c0 JavaThread "External Process Output Forwarder - E:\new eclipse\assessmenttask2\.\src\main\resources\drivers\chromedriver.exe" daemon [_thread_in_native, id=8368, stack(0x0000005d26f00000,0x0000005d27000000) (1024K)]
  0x000001b81934ee30 JavaThread "Driver Service Executor"    daemon [_thread_blocked, id=12016, stack(0x0000005d27000000,0x0000005d27100000) (1024K)]
  0x000001b8199b4470 JavaThread "Driver Service Executor"    daemon [_thread_in_native, id=23092, stack(0x0000005d27100000,0x0000005d27200000) (1024K)]
  0x000001b8199d36e0 JavaThread "UrlChecker-2"               daemon [_thread_blocked, id=12924, stack(0x0000005d27200000,0x0000005d27300000) (1024K)]
  0x000001b8199d1ca0 JavaThread "Keep-Alive-Timer"           daemon [_thread_blocked, id=17480, stack(0x0000005d27300000,0x0000005d27400000) (1024K)]
  0x000001b8199d4a90 JavaThread "JdkHttpClient-0-0"          daemon [_thread_blocked, id=12636, stack(0x0000005d27400000,0x0000005d27500000) (1024K)]
  0x000001b8199d2330 JavaThread "JdkHttpClient-0-1"          daemon [_thread_in_Java, id=14444, stack(0x0000005d27500000,0x0000005d27600000) (1024K)]
Total: 21

Other Threads:
  0x000001b7d3ec2900 VMThread "VM Thread"                           [id=584, stack(0x0000005d25d00000,0x0000005d25e00000) (1024K)]
  0x000001b7d3eab0f0 WatcherThread "VM Periodic Task Thread"        [id=23496, stack(0x0000005d25c00000,0x0000005d25d00000) (1024K)]
  0x000001b7b6a683a0 WorkerThread "GC Thread#0"                     [id=22740, stack(0x0000005d25700000,0x0000005d25800000) (1024K)]
  0x000001b8197d2b20 WorkerThread "GC Thread#1"                     [id=8868, stack(0x0000005d26a00000,0x0000005d26b00000) (1024K)]
  0x000001b8197d2ec0 WorkerThread "GC Thread#2"                     [id=3648, stack(0x0000005d26b00000,0x0000005d26c00000) (1024K)]
  0x000001b819836370 WorkerThread "GC Thread#3"                     [id=20760, stack(0x0000005d26c00000,0x0000005d26d00000) (1024K)]
  0x000001b7b6a75fc0 ConcurrentGCThread "G1 Main Marker"            [id=20124, stack(0x0000005d25800000,0x0000005d25900000) (1024K)]
  0x000001b7b6a769d0 WorkerThread "G1 Conc#0"                       [id=23324, stack(0x0000005d25900000,0x0000005d25a00000) (1024K)]
  0x000001b7b6aae5d0 ConcurrentGCThread "G1 Refine#0"               [id=2932, stack(0x0000005d25a00000,0x0000005d25b00000) (1024K)]
  0x000001b7d3d7d540 ConcurrentGCThread "G1 Service"                [id=5456, stack(0x0000005d25b00000,0x0000005d25c00000) (1024K)]
Total: 10

Threads with active compile tasks:
C2 CompilerThread0     7645 2006       4       java.lang.invoke.MethodType::makeImpl (109 bytes)
Total: 1

VM state: not at safepoint (normal execution)

VM Mutex/Monitor currently owned by a thread: None

Heap address: 0x0000000741400000, size: 3052 MB, Compressed Oops mode: Zero based, Oop shift amount: 3

CDS archive(s) mapped at: [0x000001b7d4000000-0x000001b7d4c90000-0x000001b7d4c90000), size 13172736, SharedBaseAddress: 0x000001b7d4000000, ArchiveRelocationMode: 1.
Compressed class space mapped at: 0x000001b7d5000000-0x000001b815000000, reserved size: 1073741824
Narrow klass base: 0x000001b7d4000000, Narrow klass shift: 0, Narrow klass range: 0x100000000

GC Precious Log:
 CardTable entry size: 512
 Card Set container configuration: InlinePtr #cards 4 size 8 Array Of Cards #cards 16 size 48 Howl #buckets 8 coarsen threshold 3686 Howl Bitmap #cards 512 size 80 coarsen threshold 460 Card regions per heap region 1 cards per card region 4096
 CPUs: 4 total, 4 available
 Memory: 12202M
 Large Page Support: Disabled
 NUMA Support: Disabled
 Compressed Oops: Enabled (Zero based)
 Heap Region Size: 2M
 Heap Min Capacity: 8M
 Heap Initial Capacity: 192M
 Heap Max Capacity: 3052M
 Pre-touch: Disabled
 Parallel Workers: 4
 Concurrent Workers: 1
 Concurrent Refinement Workers: 4
 Periodic GC: Disabled

Heap:
 garbage-first heap   total 196608K, used 18273K [0x0000000741400000, 0x0000000800000000)
  region size 2048K, 9 young (18432K), 1 survivors (2048K)
 Metaspace       used 15388K, committed 15808K, reserved 1114112K
  class space    used 1813K, committed 1984K, reserved 1048576K

Heap Regions: E=young(eden), S=young(survivor), O=old, HS=humongous(starts), HC=humongous(continues), CS=collection set, F=free, TAMS=top-at-mark-start, PB=parsable bottom
|   0|0x0000000741400000, 0x0000000741600000, 0x0000000741600000|100%| O|  |TAMS 0x0000000741400000| PB 0x0000000741400000| Untracked 
|   1|0x0000000741600000, 0x0000000741800000, 0x0000000741800000|100%| O|  |TAMS 0x0000000741600000| PB 0x0000000741600000| Untracked 
|   2|0x0000000741800000, 0x0000000741819190, 0x0000000741a00000|  4%| O|  |TAMS 0x0000000741800000| PB 0x0000000741800000| Untracked 
|   3|0x0000000741a00000, 0x0000000741a00000, 0x0000000741c00000|  0%| F|  |TAMS 0x0000000741a00000| PB 0x0000000741a00000| Untracked 
|   4|0x0000000741c00000, 0x0000000741c00000, 0x0000000741e00000|  0%| F|  |TAMS 0x0000000741c00000| PB 0x0000000741c00000| Untracked 
|   5|0x0000000741e00000, 0x0000000741e00000, 0x0000000742000000|  0%| F|  |TAMS 0x0000000741e00000| PB 0x0000000741e00000| Untracked 
|   6|0x0000000742000000, 0x0000000742000000, 0x0000000742200000|  0%| F|  |TAMS 0x0000000742000000| PB 0x0000000742000000| Untracked 
|   7|0x0000000742200000, 0x0000000742200000, 0x0000000742400000|  0%| F|  |TAMS 0x0000000742200000| PB 0x0000000742200000| Untracked 
|   8|0x0000000742400000, 0x0000000742400000, 0x0000000742600000|  0%| F|  |TAMS 0x0000000742400000| PB 0x0000000742400000| Untracked 
|   9|0x0000000742600000, 0x0000000742600000, 0x0000000742800000|  0%| F|  |TAMS 0x0000000742600000| PB 0x0000000742600000| Untracked 
|  10|0x0000000742800000, 0x0000000742800000, 0x0000000742a00000|  0%| F|  |TAMS 0x0000000742800000| PB 0x0000000742800000| Untracked 
|  11|0x0000000742a00000, 0x0000000742a00000, 0x0000000742c00000|  0%| F|  |TAMS 0x0000000742a00000| PB 0x0000000742a00000| Untracked 
|  12|0x0000000742c00000, 0x0000000742c00000, 0x0000000742e00000|  0%| F|  |TAMS 0x0000000742c00000| PB 0x0000000742c00000| Untracked 
|  13|0x0000000742e00000, 0x0000000742e00000, 0x0000000743000000|  0%| F|  |TAMS 0x0000000742e00000| PB 0x0000000742e00000| Untracked 
|  14|0x0000000743000000, 0x0000000743000000, 0x0000000743200000|  0%| F|  |TAMS 0x0000000743000000| PB 0x0000000743000000| Untracked 
|  15|0x0000000743200000, 0x0000000743200000, 0x0000000743400000|  0%| F|  |TAMS 0x0000000743200000| PB 0x0000000743200000| Untracked 
|  16|0x0000000743400000, 0x0000000743400000, 0x0000000743600000|  0%| F|  |TAMS 0x0000000743400000| PB 0x0000000743400000| Untracked 
|  17|0x0000000743600000, 0x0000000743600000, 0x0000000743800000|  0%| F|  |TAMS 0x0000000743600000| PB 0x0000000743600000| Untracked 
|  18|0x0000000743800000, 0x0000000743800000, 0x0000000743a00000|  0%| F|  |TAMS 0x0000000743800000| PB 0x0000000743800000| Untracked 
|  19|0x0000000743a00000, 0x0000000743a00000, 0x0000000743c00000|  0%| F|  |TAMS 0x0000000743a00000| PB 0x0000000743a00000| Untracked 
|  20|0x0000000743c00000, 0x0000000743c00000, 0x0000000743e00000|  0%| F|  |TAMS 0x0000000743c00000| PB 0x0000000743c00000| Untracked 
|  21|0x0000000743e00000, 0x0000000743e00000, 0x0000000744000000|  0%| F|  |TAMS 0x0000000743e00000| PB 0x0000000743e00000| Untracked 
|  22|0x0000000744000000, 0x0000000744000000, 0x0000000744200000|  0%| F|  |TAMS 0x0000000744000000| PB 0x0000000744000000| Untracked 
|  23|0x0000000744200000, 0x0000000744200000, 0x0000000744400000|  0%| F|  |TAMS 0x0000000744200000| PB 0x0000000744200000| Untracked 
|  24|0x0000000744400000, 0x0000000744400000, 0x0000000744600000|  0%| F|  |TAMS 0x0000000744400000| PB 0x0000000744400000| Untracked 
|  25|0x0000000744600000, 0x0000000744600000, 0x0000000744800000|  0%| F|  |TAMS 0x0000000744600000| PB 0x0000000744600000| Untracked 
|  26|0x0000000744800000, 0x0000000744800000, 0x0000000744a00000|  0%| F|  |TAMS 0x0000000744800000| PB 0x0000000744800000| Untracked 
|  27|0x0000000744a00000, 0x0000000744a00000, 0x0000000744c00000|  0%| F|  |TAMS 0x0000000744a00000| PB 0x0000000744a00000| Untracked 
|  28|0x0000000744c00000, 0x0000000744c00000, 0x0000000744e00000|  0%| F|  |TAMS 0x0000000744c00000| PB 0x0000000744c00000| Untracked 
|  29|0x0000000744e00000, 0x0000000744e00000, 0x0000000745000000|  0%| F|  |TAMS 0x0000000744e00000| PB 0x0000000744e00000| Untracked 
|  30|0x0000000745000000, 0x0000000745000000, 0x0000000745200000|  0%| F|  |TAMS 0x0000000745000000| PB 0x0000000745000000| Untracked 
|  31|0x0000000745200000, 0x0000000745200000, 0x0000000745400000|  0%| F|  |TAMS 0x0000000745200000| PB 0x0000000745200000| Untracked 
|  32|0x0000000745400000, 0x0000000745400000, 0x0000000745600000|  0%| F|  |TAMS 0x0000000745400000| PB 0x0000000745400000| Untracked 
|  33|0x0000000745600000, 0x0000000745600000, 0x0000000745800000|  0%| F|  |TAMS 0x0000000745600000| PB 0x0000000745600000| Untracked 
|  34|0x0000000745800000, 0x0000000745800000, 0x0000000745a00000|  0%| F|  |TAMS 0x0000000745800000| PB 0x0000000745800000| Untracked 
|  35|0x0000000745a00000, 0x0000000745a00000, 0x0000000745c00000|  0%| F|  |TAMS 0x0000000745a00000| PB 0x0000000745a00000| Untracked 
|  36|0x0000000745c00000, 0x0000000745c00000, 0x0000000745e00000|  0%| F|  |TAMS 0x0000000745c00000| PB 0x0000000745c00000| Untracked 
|  37|0x0000000745e00000, 0x0000000745e00000, 0x0000000746000000|  0%| F|  |TAMS 0x0000000745e00000| PB 0x0000000745e00000| Untracked 
|  38|0x0000000746000000, 0x0000000746000000, 0x0000000746200000|  0%| F|  |TAMS 0x0000000746000000| PB 0x0000000746000000| Untracked 
|  39|0x0000000746200000, 0x0000000746200000, 0x0000000746400000|  0%| F|  |TAMS 0x0000000746200000| PB 0x0000000746200000| Untracked 
|  40|0x0000000746400000, 0x0000000746400000, 0x0000000746600000|  0%| F|  |TAMS 0x0000000746400000| PB 0x0000000746400000| Untracked 
|  41|0x0000000746600000, 0x0000000746600000, 0x0000000746800000|  0%| F|  |TAMS 0x0000000746600000| PB 0x0000000746600000| Untracked 
|  42|0x0000000746800000, 0x0000000746800000, 0x0000000746a00000|  0%| F|  |TAMS 0x0000000746800000| PB 0x0000000746800000| Untracked 
|  43|0x0000000746a00000, 0x0000000746a00000, 0x0000000746c00000|  0%| F|  |TAMS 0x0000000746a00000| PB 0x0000000746a00000| Untracked 
|  44|0x0000000746c00000, 0x0000000746c00000, 0x0000000746e00000|  0%| F|  |TAMS 0x0000000746c00000| PB 0x0000000746c00000| Untracked 
|  45|0x0000000746e00000, 0x0000000746e00000, 0x0000000747000000|  0%| F|  |TAMS 0x0000000746e00000| PB 0x0000000746e00000| Untracked 
|  46|0x0000000747000000, 0x0000000747000000, 0x0000000747200000|  0%| F|  |TAMS 0x0000000747000000| PB 0x0000000747000000| Untracked 
|  47|0x0000000747200000, 0x0000000747200000, 0x0000000747400000|  0%| F|  |TAMS 0x0000000747200000| PB 0x0000000747200000| Untracked 
|  48|0x0000000747400000, 0x0000000747400000, 0x0000000747600000|  0%| F|  |TAMS 0x0000000747400000| PB 0x0000000747400000| Untracked 
|  49|0x0000000747600000, 0x0000000747600000, 0x0000000747800000|  0%| F|  |TAMS 0x0000000747600000| PB 0x0000000747600000| Untracked 
|  50|0x0000000747800000, 0x0000000747800000, 0x0000000747a00000|  0%| F|  |TAMS 0x0000000747800000| PB 0x0000000747800000| Untracked 
|  51|0x0000000747a00000, 0x0000000747a00000, 0x0000000747c00000|  0%| F|  |TAMS 0x0000000747a00000| PB 0x0000000747a00000| Untracked 
|  52|0x0000000747c00000, 0x0000000747c00000, 0x0000000747e00000|  0%| F|  |TAMS 0x0000000747c00000| PB 0x0000000747c00000| Untracked 
|  53|0x0000000747e00000, 0x0000000747e00000, 0x0000000748000000|  0%| F|  |TAMS 0x0000000747e00000| PB 0x0000000747e00000| Untracked 
|  54|0x0000000748000000, 0x0000000748000000, 0x0000000748200000|  0%| F|  |TAMS 0x0000000748000000| PB 0x0000000748000000| Untracked 
|  55|0x0000000748200000, 0x0000000748200000, 0x0000000748400000|  0%| F|  |TAMS 0x0000000748200000| PB 0x0000000748200000| Untracked 
|  56|0x0000000748400000, 0x0000000748400000, 0x0000000748600000|  0%| F|  |TAMS 0x0000000748400000| PB 0x0000000748400000| Untracked 
|  57|0x0000000748600000, 0x0000000748600000, 0x0000000748800000|  0%| F|  |TAMS 0x0000000748600000| PB 0x0000000748600000| Untracked 
|  58|0x0000000748800000, 0x0000000748800000, 0x0000000748a00000|  0%| F|  |TAMS 0x0000000748800000| PB 0x0000000748800000| Untracked 
|  59|0x0000000748a00000, 0x0000000748a00000, 0x0000000748c00000|  0%| F|  |TAMS 0x0000000748a00000| PB 0x0000000748a00000| Untracked 
|  60|0x0000000748c00000, 0x0000000748c00000, 0x0000000748e00000|  0%| F|  |TAMS 0x0000000748c00000| PB 0x0000000748c00000| Untracked 
|  61|0x0000000748e00000, 0x0000000748e00000, 0x0000000749000000|  0%| F|  |TAMS 0x0000000748e00000| PB 0x0000000748e00000| Untracked 
|  62|0x0000000749000000, 0x0000000749000000, 0x0000000749200000|  0%| F|  |TAMS 0x0000000749000000| PB 0x0000000749000000| Untracked 
|  63|0x0000000749200000, 0x0000000749200000, 0x0000000749400000|  0%| F|  |TAMS 0x0000000749200000| PB 0x0000000749200000| Untracked 
|  64|0x0000000749400000, 0x0000000749400000, 0x0000000749600000|  0%| F|  |TAMS 0x0000000749400000| PB 0x0000000749400000| Untracked 
|  65|0x0000000749600000, 0x0000000749600000, 0x0000000749800000|  0%| F|  |TAMS 0x0000000749600000| PB 0x0000000749600000| Untracked 
|  66|0x0000000749800000, 0x0000000749800000, 0x0000000749a00000|  0%| F|  |TAMS 0x0000000749800000| PB 0x0000000749800000| Untracked 
|  67|0x0000000749a00000, 0x0000000749a00000, 0x0000000749c00000|  0%| F|  |TAMS 0x0000000749a00000| PB 0x0000000749a00000| Untracked 
|  68|0x0000000749c00000, 0x0000000749c00000, 0x0000000749e00000|  0%| F|  |TAMS 0x0000000749c00000| PB 0x0000000749c00000| Untracked 
|  69|0x0000000749e00000, 0x0000000749e00000, 0x000000074a000000|  0%| F|  |TAMS 0x0000000749e00000| PB 0x0000000749e00000| Untracked 
|  70|0x000000074a000000, 0x000000074a000000, 0x000000074a200000|  0%| F|  |TAMS 0x000000074a000000| PB 0x000000074a000000| Untracked 
|  71|0x000000074a200000, 0x000000074a200000, 0x000000074a400000|  0%| F|  |TAMS 0x000000074a200000| PB 0x000000074a200000| Untracked 
|  72|0x000000074a400000, 0x000000074a400000, 0x000000074a600000|  0%| F|  |TAMS 0x000000074a400000| PB 0x000000074a400000| Untracked 
|  73|0x000000074a600000, 0x000000074a600000, 0x000000074a800000|  0%| F|  |TAMS 0x000000074a600000| PB 0x000000074a600000| Untracked 
|  74|0x000000074a800000, 0x000000074a800000, 0x000000074aa00000|  0%| F|  |TAMS 0x000000074a800000| PB 0x000000074a800000| Untracked 
|  75|0x000000074aa00000, 0x000000074aa00000, 0x000000074ac00000|  0%| F|  |TAMS 0x000000074aa00000| PB 0x000000074aa00000| Untracked 
|  76|0x000000074ac00000, 0x000000074ac00000, 0x000000074ae00000|  0%| F|  |TAMS 0x000000074ac00000| PB 0x000000074ac00000| Untracked 
|  77|0x000000074ae00000, 0x000000074ae00000, 0x000000074b000000|  0%| F|  |TAMS 0x000000074ae00000| PB 0x000000074ae00000| Untracked 
|  78|0x000000074b000000, 0x000000074b000000, 0x000000074b200000|  0%| F|  |TAMS 0x000000074b000000| PB 0x000000074b000000| Untracked 
|  79|0x000000074b200000, 0x000000074b200000, 0x000000074b400000|  0%| F|  |TAMS 0x000000074b200000| PB 0x000000074b200000| Untracked 
|  80|0x000000074b400000, 0x000000074b400000, 0x000000074b600000|  0%| F|  |TAMS 0x000000074b400000| PB 0x000000074b400000| Untracked 
|  81|0x000000074b600000, 0x000000074b600000, 0x000000074b800000|  0%| F|  |TAMS 0x000000074b600000| PB 0x000000074b600000| Untracked 
|  82|0x000000074b800000, 0x000000074b800000, 0x000000074ba00000|  0%| F|  |TAMS 0x000000074b800000| PB 0x000000074b800000| Untracked 
|  83|0x000000074ba00000, 0x000000074ba00000, 0x000000074bc00000|  0%| F|  |TAMS 0x000000074ba00000| PB 0x000000074ba00000| Untracked 
|  84|0x000000074bc00000, 0x000000074bc00000, 0x000000074be00000|  0%| F|  |TAMS 0x000000074bc00000| PB 0x000000074bc00000| Untracked 
|  85|0x000000074be00000, 0x000000074be00000, 0x000000074c000000|  0%| F|  |TAMS 0x000000074be00000| PB 0x000000074be00000| Untracked 
|  86|0x000000074c000000, 0x000000074c000000, 0x000000074c200000|  0%| F|  |TAMS 0x000000074c000000| PB 0x000000074c000000| Untracked 
|  87|0x000000074c200000, 0x000000074c27f720, 0x000000074c400000| 24%| E|  |TAMS 0x000000074c200000| PB 0x000000074c200000| Complete 
|  88|0x000000074c400000, 0x000000074c600000, 0x000000074c600000|100%| E|CS|TAMS 0x000000074c400000| PB 0x000000074c400000| Complete 
|  89|0x000000074c600000, 0x000000074c800000, 0x000000074c800000|100%| E|CS|TAMS 0x000000074c600000| PB 0x000000074c600000| Complete 
|  90|0x000000074c800000, 0x000000074c9bf650, 0x000000074ca00000| 87%| S|CS|TAMS 0x000000074c800000| PB 0x000000074c800000| Complete 
|  91|0x000000074ca00000, 0x000000074cc00000, 0x000000074cc00000|100%| E|CS|TAMS 0x000000074ca00000| PB 0x000000074ca00000| Complete 
|  92|0x000000074cc00000, 0x000000074ce00000, 0x000000074ce00000|100%| E|CS|TAMS 0x000000074cc00000| PB 0x000000074cc00000| Complete 
|  93|0x000000074ce00000, 0x000000074d000000, 0x000000074d000000|100%| E|CS|TAMS 0x000000074ce00000| PB 0x000000074ce00000| Complete 
|  94|0x000000074d000000, 0x000000074d200000, 0x000000074d200000|100%| E|  |TAMS 0x000000074d000000| PB 0x000000074d000000| Complete 
|  95|0x000000074d200000, 0x000000074d400000, 0x000000074d400000|100%| E|CS|TAMS 0x000000074d200000| PB 0x000000074d200000| Complete 

Card table byte_map: [0x000001b7ce460000,0x000001b7cea60000] _byte_map_base: 0x000001b7caa56000

Marking Bits: (CMBitMap*) 0x000001b7b6a689b0
 Bits: [0x000001b7cea60000, 0x000001b7d1a10000)

Polling page: 0x000001b7b49a0000

Metaspace:

Usage:
  Non-class:     13.26 MB used.
      Class:      1.77 MB used.
       Both:     15.03 MB used.

Virtual space:
  Non-class space:       64.00 MB reserved,      13.50 MB ( 21%) committed,  1 nodes.
      Class space:        1.00 GB reserved,       1.94 MB ( <1%) committed,  1 nodes.
             Both:        1.06 GB reserved,      15.44 MB (  1%) committed. 

Chunk freelists:
   Non-Class:  1.92 MB
       Class:  13.91 MB
        Both:  15.83 MB

MaxMetaspaceSize: unlimited
CompressedClassSpaceSize: 1.00 GB
Initial GC threshold: 21.00 MB
Current GC threshold: 21.00 MB
CDS: on
 - commit_granule_bytes: 65536.
 - commit_granule_words: 8192.
 - virtual_space_node_default_size: 8388608.
 - enlarge_chunks_in_place: 1.
 - use_allocation_guard: 0.


Internal statistics:

num_allocs_failed_limit: 0.
num_arena_births: 370.
num_arena_deaths: 0.
num_vsnodes_births: 2.
num_vsnodes_deaths: 0.
num_space_committed: 247.
num_space_uncommitted: 0.
num_chunks_returned_to_freelist: 0.
num_chunks_taken_from_freelist: 740.
num_chunk_merges: 0.
num_chunk_splits: 448.
num_chunks_enlarged: 284.
num_inconsistent_stats: 0.

CodeHeap 'non-profiled nmethods': size=120000Kb used=716Kb max_used=716Kb free=119283Kb
 bounds [0x000001b7c6930000, 0x000001b7c6ba0000, 0x000001b7cde60000]
CodeHeap 'profiled nmethods': size=120000Kb used=4050Kb max_used=4050Kb free=115949Kb
 bounds [0x000001b7bee60000, 0x000001b7bf260000, 0x000001b7c6390000]
CodeHeap 'non-nmethods': size=5760Kb used=1478Kb max_used=1514Kb free=4281Kb
 bounds [0x000001b7c6390000, 0x000001b7c6600000, 0x000001b7c6930000]
 total_blobs=2570 nmethods=2015 adapters=459
 compilation: enabled
              stopped_count=0, restarted_count=0
 full_count=0

Compilation events (20 events):
Event: 6.765 Thread 0x000001b7d3f13390 nmethod 1995 0x000001b7bf24ca10 code [0x000001b7bf24cd00, 0x000001b7bf24dcf0]
Event: 6.765 Thread 0x000001b7d3f13390 1996       3       java.lang.invoke.InnerClassLambdaMetafactory$ForwardingMethodGenerator::generate (272 bytes)
Event: 6.770 Thread 0x000001b7d3f13390 nmethod 1996 0x000001b7bf24e290 code [0x000001b7bf24e640, 0x000001b7bf250308]
Event: 6.778 Thread 0x000001b7d3f13390 1997       3       java.lang.Class::protectionDomain (48 bytes)
Event: 6.779 Thread 0x000001b7d3f13390 nmethod 1997 0x000001b7bf250b90 code [0x000001b7bf250dc0, 0x000001b7bf251440]
Event: 6.783 Thread 0x000001b7d3f13390 1998       3       java.lang.invoke.DelegatingMethodHandle::<init> (10 bytes)
Event: 6.784 Thread 0x000001b7d3f13390 nmethod 1998 0x000001b7bf251610 code [0x000001b7bf2517e0, 0x000001b7bf251bb0]
Event: 6.784 Thread 0x000001b7d3eec1b0 1999       4       java.lang.invoke.MethodType::methodType (69 bytes)
Event: 6.803 Thread 0x000001b7d3f13390 2001       3       jdk.internal.misc.Unsafe::ensureClassInitialized (18 bytes)
Event: 6.803 Thread 0x000001b7d3f13390 nmethod 2001 0x000001b7bf251d10 code [0x000001b7bf251ec0, 0x000001b7bf252100]
Event: 6.821 Thread 0x000001b7d3f13390 2002       3       java.lang.Thread::onSpinWait (1 bytes)
Event: 6.821 Thread 0x000001b7d3f13390 nmethod 2002 0x000001b7bf252210 code [0x000001b7bf2523a0, 0x000001b7bf252488]
Event: 6.834 Thread 0x000001b7d3f13390 2004       3       java.util.stream.StreamSupport::stream (19 bytes)
Event: 6.835 Thread 0x000001b7d3f13390 nmethod 2004 0x000001b7bf252510 code [0x000001b7bf252700, 0x000001b7bf252b38]
Event: 6.843 Thread 0x000001b7d3f13390 2005       1       java.nio.Buffer::capacity (5 bytes)
Event: 6.843 Thread 0x000001b7d3f13390 nmethod 2005 0x000001b7c69d8390 code [0x000001b7c69d8520, 0x000001b7c69d85e8]
Event: 6.857 Thread 0x000001b7d3f13390 2008       3       java.lang.invoke.BootstrapMethodInvoker::widenAndCast (47 bytes)
Event: 6.859 Thread 0x000001b7d3f13390 nmethod 2008 0x000001b7bf252d10 code [0x000001b7bf252f80, 0x000001b7bf2538d8]
Event: 7.350 Thread 0x000001b7d3eec1b0 nmethod 1999 0x000001b7c69d8690 code [0x000001b7c69d8e80, 0x000001b7c69deec0]
Event: 7.352 Thread 0x000001b7d3eec1b0 2006       4       java.lang.invoke.MethodType::makeImpl (109 bytes)

GC Heap History (4 events):
Event: 2.919 GC heap before
{Heap before GC invocations=0 (full 0):
 garbage-first heap   total 196608K, used 10240K [0x0000000741400000, 0x0000000800000000)
  region size 2048K, 6 young (12288K), 0 survivors (0K)
 Metaspace       used 5331K, committed 5504K, reserved 1114112K
  class space    used 562K, committed 640K, reserved 1048576K
}
Event: 2.931 GC heap after
{Heap after GC invocations=1 (full 0):
 garbage-first heap   total 196608K, used 4208K [0x0000000741400000, 0x0000000800000000)
  region size 2048K, 1 young (2048K), 1 survivors (2048K)
 Metaspace       used 5331K, committed 5504K, reserved 1114112K
  class space    used 562K, committed 640K, reserved 1048576K
}
Event: 4.748 GC heap before
{Heap before GC invocations=1 (full 0):
 garbage-first heap   total 196608K, used 14448K [0x0000000741400000, 0x0000000800000000)
  region size 2048K, 6 young (12288K), 1 survivors (2048K)
 Metaspace       used 8208K, committed 8512K, reserved 1114112K
  class space    used 944K, committed 1088K, reserved 1048576K
}
Event: 4.759 GC heap after
{Heap after GC invocations=2 (full 0):
 garbage-first heap   total 196608K, used 5985K [0x0000000741400000, 0x0000000800000000)
  region size 2048K, 1 young (2048K), 1 survivors (2048K)
 Metaspace       used 8208K, committed 8512K, reserved 1114112K
  class space    used 944K, committed 1088K, reserved 1048576K
}

Dll operation events (8 events):
Event: 0.033 Loaded shared library C:\Program Files\Java\jdk-21\bin\java.dll
Event: 0.181 Loaded shared library C:\Program Files\Java\jdk-21\bin\jsvml.dll
Event: 0.709 Loaded shared library C:\Program Files\Java\jdk-21\bin\net.dll
Event: 0.718 Loaded shared library C:\Program Files\Java\jdk-21\bin\nio.dll
Event: 0.742 Loaded shared library C:\Program Files\Java\jdk-21\bin\zip.dll
Event: 1.202 Loaded shared library C:\Program Files\Java\jdk-21\bin\jimage.dll
Event: 2.056 Loaded shared library C:\Program Files\Java\jdk-21\bin\extnet.dll
Event: 5.038 Loaded shared library C:\Program Files\Java\jdk-21\bin\sunmscapi.dll

Deoptimization events (20 events):
Event: 6.014 Thread 0x000001b7b47fb320 Uncommon trap: trap_request=0xffffffde fr.pc=0x000001b7c69b54f8 relative=0x0000000000000738
Event: 6.014 Thread 0x000001b7b47fb320 Uncommon trap: reason=class_check action=maybe_recompile pc=0x000001b7c69b54f8 method=java.util.regex.Matcher.search(I)Z @ 121 c2
Event: 6.014 Thread 0x000001b7b47fb320 DEOPT PACKING pc=0x000001b7c69b54f8 sp=0x0000005d256fd4c0
Event: 6.014 Thread 0x000001b7b47fb320 DEOPT UNPACKING pc=0x000001b7c63e46a2 sp=0x0000005d256fd480 mode 2
Event: 6.014 Thread 0x000001b7b47fb320 Uncommon trap: trap_request=0xffffffde fr.pc=0x000001b7c69b54f8 relative=0x0000000000000738
Event: 6.014 Thread 0x000001b7b47fb320 Uncommon trap: reason=class_check action=maybe_recompile pc=0x000001b7c69b54f8 method=java.util.regex.Matcher.search(I)Z @ 121 c2
Event: 6.015 Thread 0x000001b7b47fb320 DEOPT PACKING pc=0x000001b7c69b54f8 sp=0x0000005d256fd5a0
Event: 6.015 Thread 0x000001b7b47fb320 DEOPT UNPACKING pc=0x000001b7c63e46a2 sp=0x0000005d256fd560 mode 2
Event: 6.015 Thread 0x000001b7b47fb320 Uncommon trap: trap_request=0xffffffde fr.pc=0x000001b7c69b54f8 relative=0x0000000000000738
Event: 6.015 Thread 0x000001b7b47fb320 Uncommon trap: reason=class_check action=maybe_recompile pc=0x000001b7c69b54f8 method=java.util.regex.Matcher.search(I)Z @ 121 c2
Event: 6.015 Thread 0x000001b7b47fb320 DEOPT PACKING pc=0x000001b7c69b54f8 sp=0x0000005d256fd3f0
Event: 6.015 Thread 0x000001b7b47fb320 DEOPT UNPACKING pc=0x000001b7c63e46a2 sp=0x0000005d256fd3b0 mode 2
Event: 6.129 Thread 0x000001b8199d36e0 Uncommon trap: trap_request=0xffffff45 fr.pc=0x000001b7c69b55c4 relative=0x0000000000000804
Event: 6.129 Thread 0x000001b8199d36e0 Uncommon trap: reason=unstable_if action=reinterpret pc=0x000001b7c69b55c4 method=java.util.regex.Pattern$BmpCharPropertyGreedy.match(Ljava/util/regex/Matcher;ILjava/lang/CharSequence;)Z @ 73 c2
Event: 6.129 Thread 0x000001b8199d36e0 DEOPT PACKING pc=0x000001b7c69b55c4 sp=0x0000005d272fe2c0
Event: 6.129 Thread 0x000001b8199d36e0 DEOPT UNPACKING pc=0x000001b7c63e46a2 sp=0x0000005d272fe190 mode 2
Event: 6.323 Thread 0x000001b7b47fb320 Uncommon trap: trap_request=0xffffff45 fr.pc=0x000001b7c69aab54 relative=0x0000000000000c54
Event: 6.323 Thread 0x000001b7b47fb320 Uncommon trap: reason=unstable_if action=reinterpret pc=0x000001b7c69aab54 method=jdk.internal.org.objectweb.asm.Frame.execute(IILjdk/internal/org/objectweb/asm/Symbol;Ljdk/internal/org/objectweb/asm/SymbolTable;)V @ 1 c2
Event: 6.323 Thread 0x000001b7b47fb320 DEOPT PACKING pc=0x000001b7c69aab54 sp=0x0000005d256fbac0
Event: 6.323 Thread 0x000001b7b47fb320 DEOPT UNPACKING pc=0x000001b7c63e46a2 sp=0x0000005d256fba28 mode 2

Classes loaded (20 events):
Event: 6.799 Loading class java/nio/channels/SelectionKey
Event: 6.800 Loading class java/nio/channels/SelectionKey done
Event: 6.800 Loading class java/nio/channels/spi/AbstractSelectionKey done
Event: 6.800 Loading class sun/nio/ch/SelectionKeyImpl done
Event: 6.800 Loading class java/lang/invoke/ConstantBootstraps
Event: 6.801 Loading class java/lang/invoke/ConstantBootstraps done
Event: 6.813 Loading class java/util/concurrent/CompletableFuture$UniHandle
Event: 6.813 Loading class java/util/concurrent/CompletableFuture$UniHandle done
Event: 6.818 Loading class java/util/concurrent/CompletableFuture$UniRelay
Event: 6.818 Loading class java/util/concurrent/CompletableFuture$UniRelay done
Event: 6.839 Loading class sun/nio/ch/IOVecWrapper
Event: 6.839 Loading class sun/nio/ch/IOVecWrapper done
Event: 6.840 Loading class sun/nio/ch/AllocatedNativeObject
Event: 6.840 Loading class sun/nio/ch/NativeObject
Event: 6.840 Loading class sun/nio/ch/NativeObject done
Event: 6.840 Loading class sun/nio/ch/AllocatedNativeObject done
Event: 6.840 Loading class sun/nio/ch/IOVecWrapper$Deallocator
Event: 6.841 Loading class sun/nio/ch/IOVecWrapper$Deallocator done
Event: 6.856 Loading class java/util/concurrent/CompletableFuture$UniApply
Event: 6.856 Loading class java/util/concurrent/CompletableFuture$UniApply done

Classes unloaded (0 events):
No events

Classes redefined (0 events):
No events

Internal exceptions (20 events):
Event: 6.004 Thread 0x000001b7b47fb320 Exception <a 'java/lang/IncompatibleClassChangeError'{0x000000074cbbdbe0}: Found class java.lang.Object, but interface was expected> (0x000000074cbbdbe0) 
thrown [s\open\src\hotspot\share\interpreter\linkResolver.cpp, line 840]
Event: 6.009 Thread 0x000001b7b47fb320 Exception <a 'java/lang/NoSuchMethodError'{0x000000074cbc5048}: 'int java.lang.invoke.DirectMethodHandle$Holder.invokeSpecialIFC(java.lang.Object, java.lang.Object, java.lang.Object, java.lang.Object)'> (0x000000074cbc5048) 
thrown [s\open\src\hotspot\share\interpreter\linkResolver.cpp, line 773]
Event: 6.035 Thread 0x000001b7b47fb320 Exception <a 'java/lang/NoSuchMethodError'{0x000000074cbfc1c0}: 'java.lang.Object java.lang.invoke.DirectMethodHandle$Holder.invokeVirtual(java.lang.Object, java.lang.Object, java.lang.Object, java.lang.Object)'> (0x000000074cbfc1c0) 
thrown [s\open\src\hotspot\share\interpreter\linkResolver.cpp, line 773]
Event: 6.066 Thread 0x000001b7b47fb320 Exception <a 'java/lang/NoSuchMethodError'{0x000000074c6039f0}: 'void java.lang.invoke.DirectMethodHandle$Holder.invokeStatic(java.lang.Object, long)'> (0x000000074c6039f0) 
thrown [s\open\src\hotspot\share\interpreter\linkResolver.cpp, line 773]
Event: 6.067 Thread 0x000001b7b47fb320 Exception <a 'java/lang/NoSuchMethodError'{0x000000074c608778}: 'java.lang.Object java.lang.invoke.DirectMethodHandle$Holder.newInvokeSpecial(java.lang.Object, long)'> (0x000000074c608778) 
thrown [s\open\src\hotspot\share\interpreter\linkResolver.cpp, line 773]
Event: 6.070 Thread 0x000001b7b47fb320 Exception <a 'java/lang/NoSuchMethodError'{0x000000074c60e9a0}: 'java.lang.Object java.lang.invoke.DirectMethodHandle$Holder.invokeStatic(java.lang.Object, long, java.lang.Object)'> (0x000000074c60e9a0) 
thrown [s\open\src\hotspot\share\interpreter\linkResolver.cpp, line 773]
Event: 6.071 Thread 0x000001b7b47fb320 Exception <a 'java/lang/NoSuchMethodError'{0x000000074c612128}: 'java.lang.Object java.lang.invoke.DirectMethodHandle$Holder.invokeStaticInit(java.lang.Object, long, java.lang.Object)'> (0x000000074c612128) 
thrown [s\open\src\hotspot\share\interpreter\linkResolver.cpp, line 773]
Event: 6.145 Thread 0x000001b8199d36e0 Exception <a 'java/net/ConnectException'{0x000000074c679230}: Connection refused: getsockopt> (0x000000074c679230) 
thrown [s\open\src\hotspot\share\prims\jni.cpp, line 539]
Event: 6.179 Thread 0x000001b8199d36e0 Exception <a 'java/net/ConnectException'{0x000000074c67a320}: Connection refused: getsockopt> (0x000000074c67a320) 
thrown [s\open\src\hotspot\share\prims\jni.cpp, line 539]
Event: 6.218 Thread 0x000001b8199d36e0 Exception <a 'java/net/ConnectException'{0x000000074c67b238}: Connection refused: getsockopt> (0x000000074c67b238) 
thrown [s\open\src\hotspot\share\prims\jni.cpp, line 539]
Event: 6.323 Thread 0x000001b7b47fb320 Exception <a 'java/lang/NoSuchMethodError'{0x000000074c6e0758}: 'double java.lang.invoke.DirectMethodHandle$Holder.invokeVirtual(java.lang.Object, java.lang.Object)'> (0x000000074c6e0758) 
thrown [s\open\src\hotspot\share\interpreter\linkResolver.cpp, line 773]
Event: 6.325 Thread 0x000001b7b47fb320 Exception <a 'java/lang/NoSuchMethodError'{0x000000074c6e6728}: 'float java.lang.invoke.DirectMethodHandle$Holder.invokeVirtual(java.lang.Object, java.lang.Object)'> (0x000000074c6e6728) 
thrown [s\open\src\hotspot\share\interpreter\linkResolver.cpp, line 773]
Event: 6.328 Thread 0x000001b7b47fb320 Exception <a 'java/lang/NoSuchMethodError'{0x000000074c6ee838}: 'long java.lang.invoke.DirectMethodHandle$Holder.invokeVirtual(java.lang.Object, java.lang.Object)'> (0x000000074c6ee838) 
thrown [s\open\src\hotspot\share\interpreter\linkResolver.cpp, line 773]
Event: 6.342 Thread 0x000001b7b47fb320 Exception <a 'java/lang/NoSuchMethodError'{0x000000074c718e78}: 'java.lang.Object java.lang.invoke.DirectMethodHandle$Holder.invokeVirtual(java.lang.Object, java.lang.Object, java.lang.Object)'> (0x000000074c718e78) 
thrown [s\open\src\hotspot\share\interpreter\linkResolver.cpp, line 773]
Event: 6.467 Thread 0x000001b7b47fb320 Exception <a 'java/lang/NoSuchMethodError'{0x000000074c7d8c78}: 'java.lang.Object java.lang.invoke.DirectMethodHandle$Holder.newInvokeSpecial(java.lang.Object, java.lang.Object, int, int)'> (0x000000074c7d8c78) 
thrown [s\open\src\hotspot\share\interpreter\linkResolver.cpp, line 773]
Event: 6.477 Thread 0x000001b7b47fb320 Exception <a 'java/lang/NoSuchMethodError'{0x000000074c7e31c0}: 'void java.lang.invoke.DirectMethodHandle$Holder.invokeStatic(java.lang.Object, java.lang.Object, int)'> (0x000000074c7e31c0) 
thrown [s\open\src\hotspot\share\interpreter\linkResolver.cpp, line 773]
Event: 6.567 Thread 0x000001b7b47fb320 Exception <a 'java/lang/NoSuchMethodError'{0x000000074c48bc40}: 'java.lang.Object java.lang.invoke.DirectMethodHandle$Holder.newInvokeSpecial(java.lang.Object, java.lang.Object, java.lang.Object, java.lang.Object, java.lang.Object)'> (0x000000074c48bc40) 
thrown [s\open\src\hotspot\share\interpreter\linkResolver.cpp, line 773]
Event: 6.707 Thread 0x000001b8199d4a90 Exception <a 'java/lang/NoSuchMethodError'{0x000000074c56a038}: 'java.lang.Object java.lang.invoke.DirectMethodHandle$Holder.invokeSpecial(java.lang.Object, java.lang.Object, java.lang.Object, java.lang.Object, int)'> (0x000000074c56a038) 
thrown [s\open\src\hotspot\share\interpreter\linkResolver.cpp, line 773]
Event: 6.709 Thread 0x000001b8199d4a90 Exception <a 'java/lang/NoSuchMethodError'{0x000000074c56d980}: 'java.lang.Object java.lang.invoke.Invokers$Holder.linkToTargetMethod(java.lang.Object, java.lang.Object, int, java.lang.Object)'> (0x000000074c56d980) 
thrown [s\open\src\hotspot\share\interpreter\linkResolver.cpp, line 773]
Event: 6.762 Thread 0x000001b8199d4a90 Exception <a 'java/lang/NoSuchMethodError'{0x000000074c5acea0}: 'void java.lang.invoke.DirectMethodHandle$Holder.invokeSpecial(java.lang.Object, java.lang.Object, java.lang.Object, java.lang.Object, java.lang.Object)'> (0x000000074c5acea0) 
thrown [s\open\src\hotspot\share\interpreter\linkResolver.cpp, line 773]

ZGC Phase Switch (0 events):
No events

VM Operations (20 events):
Event: 4.662 Executing VM operation: HandshakeAllThreads (Deoptimize)
Event: 4.662 Executing VM operation: HandshakeAllThreads (Deoptimize) done
Event: 4.748 Executing VM operation: G1CollectForAllocation (G1 Evacuation Pause)
Event: 4.759 Executing VM operation: G1CollectForAllocation (G1 Evacuation Pause) done
Event: 4.902 Executing VM operation: HandshakeAllThreads (Deoptimize)
Event: 4.902 Executing VM operation: HandshakeAllThreads (Deoptimize) done
Event: 5.050 Executing VM operation: HandshakeAllThreads (Deoptimize)
Event: 5.050 Executing VM operation: HandshakeAllThreads (Deoptimize) done
Event: 5.387 Executing VM operation: HandshakeAllThreads (Deoptimize)
Event: 5.387 Executing VM operation: HandshakeAllThreads (Deoptimize) done
Event: 6.083 Executing VM operation: HandshakeAllThreads (Deoptimize)
Event: 6.107 Executing VM operation: HandshakeAllThreads (Deoptimize) done
Event: 6.107 Executing VM operation: Cleanup
Event: 6.107 Executing VM operation: Cleanup done
Event: 6.108 Executing VM operation: HandshakeAllThreads (Deoptimize)
Event: 6.108 Executing VM operation: HandshakeAllThreads (Deoptimize) done
Event: 6.285 Executing VM operation: HandshakeAllThreads (Deoptimize)
Event: 6.286 Executing VM operation: HandshakeAllThreads (Deoptimize) done
Event: 7.294 Executing VM operation: Cleanup
Event: 7.294 Executing VM operation: Cleanup done

Events (20 events):
Event: 0.170 Thread 0x000001b7d3ee36c0 Thread added: 0x000001b7d3ee36c0
Event: 0.171 Thread 0x000001b7d3ee5ca0 Thread added: 0x000001b7d3ee5ca0
Event: 0.172 Thread 0x000001b7d3ee74f0 Thread added: 0x000001b7d3ee74f0
Event: 0.172 Thread 0x000001b7d3ee7f50 Thread added: 0x000001b7d3ee7f50
Event: 0.173 Thread 0x000001b7d3eea9c0 Thread added: 0x000001b7d3eea9c0
Event: 0.173 Thread 0x000001b7d3eeb420 Thread added: 0x000001b7d3eeb420
Event: 0.173 Thread 0x000001b7d3eec1b0 Thread added: 0x000001b7d3eec1b0
Event: 0.180 Thread 0x000001b7d3f13390 Thread added: 0x000001b7d3f13390
Event: 0.684 Thread 0x000001b819242a20 Thread added: 0x000001b819242a20
Event: 0.696 Thread 0x000001b819255080 Thread added: 0x000001b819255080
Event: 2.094 Thread 0x000001b8197536e0 Thread added: 0x000001b8197536e0
Event: 4.734 Thread 0x000001b81a210e50 Thread added: 0x000001b81a210e50
Event: 5.919 Thread 0x000001b81a123160 Thread added: 0x000001b81a123160
Event: 6.078 Thread 0x000001b81934e7c0 Thread added: 0x000001b81934e7c0
Event: 6.109 Thread 0x000001b81934ee30 Thread added: 0x000001b81934ee30
Event: 6.110 Thread 0x000001b8199b4470 Thread added: 0x000001b8199b4470
Event: 6.118 Thread 0x000001b8199d36e0 Thread added: 0x000001b8199d36e0
Event: 6.284 Thread 0x000001b8199d1ca0 Thread added: 0x000001b8199d1ca0
Event: 6.654 Thread 0x000001b8199d4a90 Thread added: 0x000001b8199d4a90
Event: 6.808 Thread 0x000001b8199d2330 Thread added: 0x000001b8199d2330


Dynamic libraries:
0x00007ff7fc340000 - 0x00007ff7fc350000 	C:\Program Files\Java\jdk-21\bin\javaw.exe
0x00007ffb56770000 - 0x00007ffb56968000 	C:\Windows\SYSTEM32\ntdll.dll
0x00007ffb54a00000 - 0x00007ffb54ac1000 	C:\Windows\System32\KERNEL32.DLL
0x00007ffb541b0000 - 0x00007ffb544ad000 	C:\Windows\System32\KERNELBASE.dll
0x0000000060fa0000 - 0x00000000612d2000 	C:\Program Files\Norton Security\NortonData\22.23.10.10\Definitions\IPSDefs\20240807.064\IPSEng64.dll
0x00007ffb54840000 - 0x00007ffb548f0000 	C:\Windows\System32\ADVAPI32.dll
0x00007ffb547a0000 - 0x00007ffb5483e000 	C:\Windows\System32\msvcrt.dll
0x00007ffb56400000 - 0x00007ffb564a0000 	C:\Windows\System32\sechost.dll
0x00007ffb55970000 - 0x00007ffb55a93000 	C:\Windows\System32\RPCRT4.dll
0x00007ffb54650000 - 0x00007ffb54677000 	C:\Windows\System32\bcrypt.dll
0x00007ffb551a0000 - 0x00007ffb551a8000 	C:\Windows\System32\PSAPI.DLL
0x00007ffb544b0000 - 0x00007ffb545b0000 	C:\Windows\System32\ucrtbase.dll
0x00007ffb4b7b0000 - 0x00007ffb4b7cb000 	C:\Program Files\Java\jdk-21\bin\VCRUNTIME140.dll
0x00007ffb4b790000 - 0x00007ffb4b7a9000 	C:\Program Files\Java\jdk-21\bin\jli.dll
0x00007ffb55350000 - 0x00007ffb554ed000 	C:\Windows\System32\USER32.dll
0x00007ffb54180000 - 0x00007ffb541a2000 	C:\Windows\System32\win32u.dll
0x00007ffb4e470000 - 0x00007ffb4e70a000 	C:\Windows\WinSxS\amd64_microsoft.windows.common-controls_6595b64144ccf1df_6.0.19041.4355_none_60b8b9eb71f62e16\COMCTL32.dll
0x00007ffb54ad0000 - 0x00007ffb54afb000 	C:\Windows\System32\GDI32.dll
0x00007ffb54680000 - 0x00007ffb54797000 	C:\Windows\System32\gdi32full.dll
0x00007ffb545b0000 - 0x00007ffb5464d000 	C:\Windows\System32\msvcp_win.dll
0x00007ffb480f0000 - 0x00007ffb480fa000 	C:\Windows\SYSTEM32\VERSION.dll
0x00007ffb548f0000 - 0x00007ffb5491f000 	C:\Windows\System32\IMM32.DLL
0x00007ffb4d680000 - 0x00007ffb4d68c000 	C:\Program Files\Java\jdk-21\bin\vcruntime140_1.dll
0x00007ffb2e470000 - 0x00007ffb2e4fe000 	C:\Program Files\Java\jdk-21\bin\msvcp140.dll
0x00007ffadb190000 - 0x00007ffadbea3000 	C:\Program Files\Java\jdk-21\bin\server\jvm.dll
0x00007ffb551b0000 - 0x00007ffb5521b000 	C:\Windows\System32\WS2_32.dll
0x00007ffb533a0000 - 0x00007ffb533eb000 	C:\Windows\SYSTEM32\POWRPROF.dll
0x00007ffb3f090000 - 0x00007ffb3f0b7000 	C:\Windows\SYSTEM32\WINMM.dll
0x00007ffb53210000 - 0x00007ffb53222000 	C:\Windows\SYSTEM32\UMPDC.dll
0x00007ffb51bc0000 - 0x00007ffb51bd2000 	C:\Windows\SYSTEM32\kernel.appcore.dll
0x00007ffb4d5e0000 - 0x00007ffb4d5ea000 	C:\Program Files\Java\jdk-21\bin\jimage.dll
0x00007ffb4ef70000 - 0x00007ffb4f154000 	C:\Windows\SYSTEM32\DBGHELP.DLL
0x00007ffb4d490000 - 0x00007ffb4d4c4000 	C:\Windows\SYSTEM32\dbgcore.DLL
0x00007ffb540f0000 - 0x00007ffb54172000 	C:\Windows\System32\bcryptPrimitives.dll
0x00007ffb4b770000 - 0x00007ffb4b78f000 	C:\Program Files\Java\jdk-21\bin\java.dll
0x00007ffb55c90000 - 0x00007ffb563ff000 	C:\Windows\System32\SHELL32.dll
0x00007ffb51ea0000 - 0x00007ffb5263f000 	C:\Windows\SYSTEM32\windows.storage.dll
0x00007ffb54db0000 - 0x00007ffb55103000 	C:\Windows\System32\combase.dll
0x00007ffb53840000 - 0x00007ffb5386e000 	C:\Windows\SYSTEM32\Wldp.dll
0x00007ffb54bc0000 - 0x00007ffb54c8d000 	C:\Windows\System32\OLEAUT32.dll
0x00007ffb55aa0000 - 0x00007ffb55b4d000 	C:\Windows\System32\SHCORE.dll
0x00007ffb56520000 - 0x00007ffb56575000 	C:\Windows\System32\shlwapi.dll
0x00007ffb53d50000 - 0x00007ffb53d74000 	C:\Windows\SYSTEM32\profapi.dll
0x00007ffb2e2c0000 - 0x00007ffb2e397000 	C:\Program Files\Java\jdk-21\bin\jsvml.dll
0x00007ffb4c980000 - 0x00007ffb4c990000 	C:\Program Files\Java\jdk-21\bin\net.dll
0x00007ffb4b060000 - 0x00007ffb4b16d000 	C:\Windows\SYSTEM32\WINHTTP.dll
0x00007ffb535a0000 - 0x00007ffb5360a000 	C:\Windows\system32\mswsock.dll
0x00007ffb47e60000 - 0x00007ffb47e76000 	C:\Program Files\Java\jdk-21\bin\nio.dll
0x00007ffb46b90000 - 0x00007ffb46ba8000 	C:\Program Files\Java\jdk-21\bin\zip.dll
0x00007ffb53280000 - 0x00007ffb5334a000 	C:\Windows\SYSTEM32\DNSAPI.dll
0x00007ffb53230000 - 0x00007ffb5326b000 	C:\Windows\SYSTEM32\IPHLPAPI.DLL
0x00007ffb55960000 - 0x00007ffb55968000 	C:\Windows\System32\NSI.dll
0x00007ffb49a30000 - 0x00007ffb49a3a000 	C:\Windows\System32\rasadhlp.dll
0x00007ffb49ec0000 - 0x00007ffb49f40000 	C:\Windows\System32\fwpuclnt.dll
0x00007ffb4c270000 - 0x00007ffb4c279000 	C:\Program Files\Java\jdk-21\bin\extnet.dll
0x00007ffb537a0000 - 0x00007ffb537b8000 	C:\Windows\SYSTEM32\CRYPTSP.dll
0x00007ffb52e50000 - 0x00007ffb52e84000 	C:\Windows\system32\rsaenh.dll
0x00007ffb53d00000 - 0x00007ffb53d2e000 	C:\Windows\SYSTEM32\USERENV.dll
0x00007ffb53790000 - 0x00007ffb5379c000 	C:\Windows\SYSTEM32\CRYPTBASE.dll
0x00007ffb4b650000 - 0x00007ffb4b65e000 	C:\Program Files\Java\jdk-21\bin\sunmscapi.dll
0x00007ffb53e20000 - 0x00007ffb53f7e000 	C:\Windows\System32\CRYPT32.dll
0x00007ffb538b0000 - 0x00007ffb538d9000 	C:\Windows\SYSTEM32\ncrypt.dll
0x00007ffb53870000 - 0x00007ffb538ab000 	C:\Windows\SYSTEM32\NTASN1.dll
0x00007ffb46ed0000 - 0x00007ffb46ed7000 	C:\Windows\system32\wshunix.dll

dbghelp: loaded successfully - version: 4.0.5 - missing functions: none
symbol engine: initialized successfully - sym options: 0x614 - pdb path: .;C:\Program Files\Java\jdk-21\bin;C:\Windows\SYSTEM32;C:\Program Files\Norton Security\NortonData\22.23.10.10\Definitions\IPSDefs\20240807.064;C:\Windows\WinSxS\amd64_microsoft.windows.common-controls_6595b64144ccf1df_6.0.19041.4355_none_60b8b9eb71f62e16;C:\Program Files\Java\jdk-21\bin\server

VM Arguments:
jvm_args: -ea -Dfile.encoding=UTF-8 -Dstdout.encoding=UTF-8 -Dstderr.encoding=UTF-8 -XX:+ShowCodeDetailsInExceptionMessages 
java_command: org.testng.remote.RemoteTestNG -serport 63716 -protocol json -d E:\new eclipse\assessmenttask2\test-output C:\Users\User\AppData\Local\Temp\testng-eclipse--803827732\testng-customsuite.xml
java_class_path (initial): C:\Users\User\eclipse\java-2023-12\eclipse\configuration\org.eclipse.osgi\522\0\.cp\lib\testng-remote.jar;E:\new eclipse\assessmenttask2\target\test-classes;E:\new eclipse\assessmenttask2\target\classes;C:\Users\User\.p2\pool\plugins\org.testng_7.4.0.r202105021533.jar;C:\Users\User\.p2\pool\plugins\com.beust.jcommander_1.78.0.jar;C:\Users\User\.p2\pool\plugins\org.apache-extras.beanshell.bsh_2.0.0.b6.jar;C:\Users\User\.p2\pool\plugins\org.yaml.snakeyaml_1.21.0.jar;C:\Users\User\.p2\pool\plugins\org.webjars.jquery_3.5.1.jar;C:\Users\User\.m2\repository\org\testng\testng\7.10.2\testng-7.10.2.jar;C:\Users\User\.m2\repository\org\slf4j\slf4j-api\1.7.36\slf4j-api-1.7.36.jar;C:\Users\User\.m2\repository\com\beust\jcommander\1.82\jcommander-1.82.jar;C:\Users\User\.m2\repository\org\webjars\jquery\3.7.1\jquery-3.7.1.jar;C:\Users\User\.m2\repository\org\seleniumhq\selenium\selenium-java\4.23.0\selenium-java-4.23.0.jar;C:\Users\User\.m2\repository\org\seleniumhq\selenium\selenium-api\4.23.0\selenium-api-4.23.0.jar;C:\Users\User\.m2\repository\org\seleniumhq\selenium\selenium-chrome-driver\4.23.0\selenium-chrome-driver-4.23.0.jar;C:\Users\User\.m2\repository\com\google\auto\service\auto-service-annotations\1.1.1\auto-service-annotations-1.1.1.jar;C:\Users\User\.m2\repository\org\seleniumhq\selenium\selenium-chromium-driver\4.23.0\selenium-chromium-driver-4.23.0.jar;C:\Users\User\.m2\repository\org\seleniumhq\selenium\selenium-json\4.23.0\selenium-json-4.23.0.jar;C:\Users\User\.m2\repository\org\seleniumhq\selenium\selenium-manager\4.23.0\selenium-manager-4.23.0.jar;C:\Users\User\.m2\repository\org\seleniumhq\selenium\selenium-devtools-v125\4.23.0\selenium-devtools-v125-4.23.0.jar;C:\Users\User\.m2\repository\org\seleniumhq\selenium\selenium-devtools-v126\4.23.0\selenium-devtools-v126-4.23.0.jar;C:\Users\User\.m2\repository\org\seleniumhq\selenium\selenium-devtools-v127\4.23.0\selenium-devtools-v127-4.23.0.jar;C:\Users\User\.m2\repository\org\seleniumhq\selenium\selenium-devtools-v85\4.23.0\selenium-devtools-v85-4.23.0.jar;C:\Users\User\.m2\repository\org\seleniumhq\selenium\selenium-edge-driver\4.23.0\selenium-edge-driver-4.23.0.jar;C:\Users\User\.m2\repository\org\seleniumhq\selenium\selenium-firefox-driver\4.23.0\selenium-firefox-driver-4.23.0.jar;C:\Users\User\.m2\repository\org\seleniumhq\selenium\selenium-http\4.23.0\selenium-http-4.23.0.jar;C:\Users\User\.m2\repository\dev\failsafe\failsafe\3.3.2\failsafe-3.3.2.jar;C:\Users\User\.m2\repository\org\seleniumhq\selenium\selenium-ie-driver\4.23.0\selenium-ie-driver-4.23.0.jar;C:\Users\User\.m2\repository\org\seleniumhq\selenium\selenium-remote-driver\4.23.0\selenium-remote-driver-4.23.0.jar;C:\Users\User\.m2\repository\com\google\guava\guava\33.2.1-jre\guava-33.2.1-jre.jar;C:\Users\User\.m2\repository\com\google\guava\failureaccess\1.0.2\failureaccess-1.0.2.jar;C:\Users\User\.m2\repository\com\google\guava\listenablefuture\9999.0-empty-to-avoid-conflict-with-guava\listenablefuture-9999.0-empty-to-avoid-conflict-with-guava.jar;C:\Users\User\.m2\repository\com\google\code\findbugs\jsr305\3.0.2\jsr305-3.0.2.jar;C:\Users\User\.m2\repository\org\checkerframework\checker-qual\3.42.0\checker-qual-3.42.0.jar;C:\Users\User\.m2\repository\com\google\j2objc\j2objc-annotations\3.0.0\j2objc-annotations-3.0.0.jar;C:\Users\User\.m2\repository\io\opentelemetry\semconv\opentelemetry-semconv\1.25.0-alpha\opentelemetry-semconv-1.25.0-alpha.jar;C:\Users\User\.m2\repository\io\opentelemetry\opentelemetry-api\1.40.0\opentelemetry-api-1.40.0.jar;C:\Users\User\.m2\repository\io\opentelemetry\opentelemetry-context\1.40.0\opentelemetry-context-1.40.0.jar;C:\Users\User\.m2\repository\io\opentelemetry\opentelemetry-exporter-logging\1.40.0\opentelemetry-exporter-logging-1.40.0.jar;C:\Users\User\.m2\repository\io\opentelemetry\opentelemetry-sdk-common\1.40.0\opentelemetry-sdk-common-1.40.0.jar;C:\Users\User\.m2\repository\io\opentelemetry\opentelemetry-sdk-extension-autoconfigure-spi\1.40.0\opentelemetry-sdk-extension-autoconfigure-spi-1.40.0.jar;C:\Users\User\.m2\repository\io\opentelemetry\opentelemetry-sdk-extension-autoconfigure\1.40.0\opentelemetry-sdk-extension-autoconfigure-1.40.0.jar;C:\Users\User\.m2\repository\io\opentelemetry\opentelemetry-api-incubator\1.40.0-alpha\opentelemetry-api-incubator-1.40.0-alpha.jar;C:\Users\User\.m2\repository\io\opentelemetry\opentelemetry-sdk-trace\1.40.0\opentelemetry-sdk-trace-1.40.0.jar;C:\Users\User\.m2\repository\io\opentelemetry\opentelemetry-sdk\1.40.0\opentelemetry-sdk-1.40.0.jar;C:\Users\User\.m2\repository\io\opentelemetry\opentelemetry-sdk-metrics\1.40.0\opentelemetry-sdk-metrics-1.40.0.jar;C:\Users\User\.m2\repository\io\opentelemetry\opentelemetry-sdk-logs\1.40.0\opentelemetry-sdk-logs-1.40.0.jar;C:\Users\User\.m2\repository\net\bytebuddy\byte-buddy\1.14.18\byte-buddy-1.14.18.jar;C:\Users\User\.m2\repository\org\seleniumhq\selenium\selenium-os\4.23.0\selenium-os-4.23.0.jar;C:\Users\User\.m2\repository\org\apache\commons\commons-exec\1.4.0\commons-exec-1.4.0.jar;C:\Users\User\.m2\repository\org\seleniumhq\selenium\selenium-safari-driver\4.23.0\selenium-safari-driver-4.23.0.jar;C:\Users\User\.m2\repository\org\seleniumhq\selenium\selenium-support\4.23.0\selenium-support-4.23.0.jar;C:\Users\User\.m2\repository\io\github\bonigarcia\webdrivermanager\5.9.2\webdrivermanager-5.9.2.jar;C:\Users\User\.m2\repository\com\google\code\gson\gson\2.11.0\gson-2.11.0.jar;C:\Users\User\.m2\repository\com\google\errorprone\error_prone_annotations\2.27.0\error_prone_annotations-2.27.0.jar;C:\Users\User\.m2\repository\com\github\docker-java\docker-java\3.4.0\docker-java-3.4.0.jar;C:\Users\User\.m2\repository\com\github\docker-java\docker-java-core\3.4.0\docker-java-core-3.4.0.jar;C:\Users\User\.m2\repository\com\github\docker-java\docker-java-api\3.4.0\docker-java-api-3.4.0.jar;C:\Users\User\.m2\repository\com\fasterxml\jackson\core\jackson-annotations\2.10.3\jackson-annotations-2.10.3.jar;C:\Users\User\.m2\repository\com\fasterxml\jackson\core\jackson-databind\2.10.3\jackson-databind-2.10.3.jar;C:\Users\User\.m2\repository\com\fasterxml\jackson\core\jackson-core\2.10.3\jackson-core-2.10.3.jar;C:\Users\User\.m2\repository\org\slf4j\jcl-over-slf4j\1.7.30\jcl-over-slf4j-1.7.30.jar;C:\Users\User\.m2\repository\com\github\docker-java\docker-java-transport-httpclient5\3.4.0\docker-java-transport-httpclient5-3.4.0.jar;C:\Users\User\.m2\repository\com\github\docker-java\docker-java-transport\3.4.0\docker-java-transport-3.4.0.jar;C:\Users\User\.m2\repository\net\java\dev\jna\jna\5.13.0\jna-5.13.0.jar;C:\Users\User\.m2\repository\org\brotli\dec\0.1.2\dec-0.1.2.jar;C:\Users\User\.m2\repository\org\apache\commons\commons-lang3\3.15.0\commons-lang3-3.15.0.jar;C:\Users\User\.m2\repository\org\apache\commons\commons-compress\1.26.2\commons-compress-1.26.2.jar;C:\Users\User\.m2\repository\commons-codec\commons-codec\1.17.0\commons-codec-1.17.0.jar;C:\Users\User\.m2\repository\commons-io\commons-io\2.16.1\commons-io-2.16.1.jar;C:\Users\User\.m2\repository\org\apache\httpcomponents\client5\httpclient5\5.2.1\httpclient5-5.2.1.jar;C:\Users\User\.m2\repository\org\apache\httpcomponents\core5\httpcore5\5.2\httpcore5-5.2.jar;C:\Users\User\.m2\repository\org\apache\httpcomponents\core5\httpcore5-h2\5.2\httpcore5-h2-5.2.jar
Launcher Type: SUN_STANDARD

[Global flags]
     intx CICompilerCount                          = 3                                         {product} {ergonomic}
     uint ConcGCThreads                            = 1                                         {product} {ergonomic}
     uint G1ConcRefinementThreads                  = 4                                         {product} {ergonomic}
   size_t G1HeapRegionSize                         = 2097152                                   {product} {ergonomic}
    uintx GCDrainStackTargetSize                   = 64                                        {product} {ergonomic}
   size_t InitialHeapSize                          = 201326592                                 {product} {ergonomic}
   size_t MarkStackSize                            = 4194304                                   {product} {ergonomic}
   size_t MaxHeapSize                              = 3200253952                                {product} {ergonomic}
   size_t MaxNewSize                               = 1918894080                                {product} {ergonomic}
   size_t MinHeapDeltaBytes                        = 2097152                                   {product} {ergonomic}
   size_t MinHeapSize                              = 8388608                                   {product} {ergonomic}
    uintx NonNMethodCodeHeapSize                   = 5832780                                {pd product} {ergonomic}
    uintx NonProfiledCodeHeapSize                  = 122912730                              {pd product} {ergonomic}
    uintx ProfiledCodeHeapSize                     = 122912730                              {pd product} {ergonomic}
    uintx ReservedCodeCacheSize                    = 251658240                              {pd product} {ergonomic}
     bool SegmentedCodeCache                       = true                                      {product} {ergonomic}
     bool ShowCodeDetailsInExceptionMessages       = true                                   {manageable} {command line}
   size_t SoftMaxHeapSize                          = 3200253952                             {manageable} {ergonomic}
     bool UseCompressedOops                        = true                           {product lp64_product} {ergonomic}
     bool UseG1GC                                  = true                                      {product} {ergonomic}
     bool UseLargePagesIndividualAllocation        = false                                  {pd product} {ergonomic}

Logging:
Log output configuration:
 #0: stdout all=warning uptime,level,tags foldmultilines=false
 #1: stderr all=off uptime,level,tags foldmultilines=false

Environment Variables:
JAVA_HOME=C:\Program Files\Java\jdk-21
PATH=C:/Users/User/.p2/pool/plugins/org.eclipse.justj.openjdk.hotspot.jre.full.win32.x86_64_17.0.10.v20240120-1143/jre/bin/server;C:/Users/User/.p2/pool/plugins/org.eclipse.justj.openjdk.hotspot.jre.full.win32.x86_64_17.0.10.v20240120-1143/jre/bin;C:\Windows\system32;C:\Windows;C:\Windows\system32\Wbem;C:\Program Files\Common Files\Oracle\Java\javapath;C:\Windows\System32\WindowsPowerShell\v1.0\;C:\Windows\System32\OpenSSH\;C:\Program Files\Java\jdk-17\bin;C:\Program Files\Java\jdk-21\bin;C:\Program Files\Maven\apache-maven-3.9.8\bin;C:\Users\User\AppData\Local\Microsoft\WindowsApps;;C:\Users\User\Desktop;
USERNAME=User
OS=Windows_NT
PROCESSOR_IDENTIFIER=Intel64 Family 6 Model 61 Stepping 4, GenuineIntel
TMP=C:\Users\User\AppData\Local\Temp
TEMP=C:\Users\User\AppData\Local\Temp




Periodic native trim disabled

---------------  S Y S T E M  ---------------

OS:
 Windows 10 , 64 bit Build 19041 (10.0.19041.4717)
OS uptime: 13 days 8:17 hours

CPU: total 4 (initial active 4) (2 cores per cpu, 2 threads per core) family 6 model 61 stepping 4 microcode 0x2d, cx8, cmov, fxsr, ht, mmx, 3dnowpref, sse, sse2, sse3, ssse3, sse4.1, sse4.2, popcnt, lzcnt, tsc, tscinvbit, avx, avx2, aes, erms, clmul, bmi1, bmi2, adx, fma, vzeroupper, clflush, rdtscp, f16c
Processor Information for all 4 processors :
  Max Mhz: 2000, Current Mhz: 1300, Mhz Limit: 1300

Memory: 4k page, system-wide physical 12202M (2991M free)
TotalPageFile size 27385M (AvailPageFile size 14M)
current process WorkingSet (physical memory assigned to process): 101M, peak: 104M
current process commit charge ("private bytes"): 304M, peak: 308M

vm_info: Java HotSpot(TM) 64-Bit Server VM (21.0.4+8-LTS-274) for windows-amd64 JRE (21.0.4+8-LTS-274), built on 2024-06-05T05:23:33Z by "mach5one" with MS VC++ 17.6 (VS2022)

END.
